[2020-02-27 22:16:30,298] [DEBUG] [CustomJPALogger] - configured_server_platform [io.helidon.integrations.cdi.eclipselink.CDISEPlatform]
[2020-02-27 22:16:30,702] [INFO ] [CustomJPALogger] - topLink_version [Eclipse Persistence Services - 2.7.5.v20191016-ea124dd158]
[2020-02-27 22:16:30,702] [INFO ] [CustomJPALogger] - application_server_name_and_version [CDISEPlatform]
[2020-02-27 22:16:31,734] [ERROR] [CustomJPALogger] - 
[2020-02-27 22:20:13,611] [DEBUG] [CustomJPALogger] - configured_server_platform [io.helidon.integrations.cdi.eclipselink.CDISEPlatform]
[2020-02-27 22:20:14,011] [INFO ] [CustomJPALogger] - topLink_version [Eclipse Persistence Services - 2.7.5.v20191016-ea124dd158]
[2020-02-27 22:20:14,011] [INFO ] [CustomJPALogger] - application_server_name_and_version [CDISEPlatform]
[2020-02-27 22:20:16,542] [DEBUG] [CustomJPALogger] - dbPlatformHelper_detectedVendorPlatform [org.eclipse.persistence.platform.database.oracle.Oracle12Platform]
[2020-02-27 22:20:16,550] [DEBUG] [CustomJPALogger] - dbPlatformHelper_detectedVendorPlatform [org.eclipse.persistence.platform.database.Oracle12Platform]
[2020-02-27 22:20:16,663] [INFO ] [CustomJPALogger] - login_successful [/file:/Users/ghoolage/Downloads/dev5376-master/dev5376-complete/target/classes/_otmsm_persistence_unit]
[2020-02-27 22:20:16,692] [DEBUG] [CustomJPALogger] - SELECT SERVICE_REQUEST_ID.NEXTVAL FROM DUAL
[2020-02-27 22:20:16,962] [DEBUG] [CustomJPALogger] - INSERT INTO SERVICE_REQUEST (ID, CIM_INSTANCE_ID, CIM_REQUEST_ID, CREATION, ENTITLEMENT_REQUEST_ID, IDENTITY_DOMAIN_NAME, MODIFIED, OPERATION_TYPE, PAYLOAD, SCHEDULED_TIME, SERVICE_INSTANCE_ID, SERVICE_NAME, SERVICE_TYPE, STATE, USER_REQUEST_NAME, VERSION) VALUES (?, ?, ?, ?, ?, ?, ?, ?, ?, ?, ?, ?, ?, ?, ?, ?)
	bind => [10000, 1234, 2345, 2020-02-27 22:20:16.956, null, test0, 2020-02-27 22:20:16.956, CREATE, null, null, ded4e228-93dd-4d9f-9dc8-dd04666a63a9, OTMGTM, PRODUCTION, APPROVED, null, 1]
[2020-02-27 22:20:17,244] [DEBUG] [CustomJPALogger] - SELECT ID, CIM_INSTANCE_ID, CIM_REQUEST_ID, CREATION, ENTITLEMENT_REQUEST_ID, IDENTITY_DOMAIN_NAME, MODIFIED, OPERATION_TYPE, PAYLOAD, SCHEDULED_TIME, SERVICE_INSTANCE_ID, SERVICE_NAME, SERVICE_TYPE, STATE, USER_REQUEST_NAME, VERSION FROM SERVICE_REQUEST WHERE (STATE = ?) ORDER BY CREATION DESC
	bind => [APPROVED]
[2020-02-27 22:20:17,745] [DEBUG] [CustomJPALogger] - SELECT ID, CIM_INSTANCE_ID, CIM_REQUEST_ID, CREATION, ENTITLEMENT_REQUEST_ID, IDENTITY_DOMAIN_NAME, MODIFIED, OPERATION_TYPE, PAYLOAD, SCHEDULED_TIME, SERVICE_INSTANCE_ID, SERVICE_NAME, SERVICE_TYPE, STATE, USER_REQUEST_NAME, VERSION FROM SERVICE_REQUEST WHERE (STATE = ?) ORDER BY CREATION DESC
	bind => [READY]
[2020-02-27 22:20:18,228] [DEBUG] [CustomJPALogger] - SELECT ID, CREATION, KEY, MODIFIED, VALUE, VERSION, SERVICE_REQUEST_ID_FK FROM SERVICE_REQUEST_PROPERTIES WHERE (SERVICE_REQUEST_ID_FK = ?)
	bind => [10000]
[2020-02-27 22:20:18,480] [DEBUG] [CustomJPALogger] - SELECT ID, CIM_INSTANCE_ID, CIM_REQUEST_ID, CREATION, ENTITLEMENT_REQUEST_ID, IDENTITY_DOMAIN_NAME, MODIFIED, OPERATION_TYPE, PAYLOAD, SCHEDULED_TIME, SERVICE_INSTANCE_ID, SERVICE_NAME, SERVICE_TYPE, STATE, USER_REQUEST_NAME, VERSION FROM SERVICE_REQUEST WHERE (STATE = ?) ORDER BY CREATION DESC
	bind => [READY]
[2020-02-27 22:20:18,872] [DEBUG] [CustomJPALogger] - SELECT ID, CREATION, EXECUTION_SEQUENCE, INVOCATION_CLASS, INVOCATION_URI, MODIFIED, STATE, VERSION, SERVICE_REQUEST_ID_FK FROM TASK WHERE (SERVICE_REQUEST_ID_FK = ?)
	bind => [10000]
[2020-02-27 22:20:18,963] [DEBUG] [CustomJPALogger] - SELECT ID, CIM_INSTANCE_ID, CIM_REQUEST_ID, CREATION, ENTITLEMENT_REQUEST_ID, IDENTITY_DOMAIN_NAME, MODIFIED, OPERATION_TYPE, PAYLOAD, SCHEDULED_TIME, SERVICE_INSTANCE_ID, SERVICE_NAME, SERVICE_TYPE, STATE, USER_REQUEST_NAME, VERSION FROM SERVICE_REQUEST WHERE (STATE = ?) ORDER BY CREATION DESC
	bind => [READY]
[2020-02-27 22:20:19,134] [DEBUG] [CreateRequestTaskQueueProducer] - Going to return tasks for OCI
[2020-02-27 22:20:19,135] [DEBUG] [CreateRequestTaskQueueProducer] - Task:com.servicemanager.tasks.TaskPersistIdentityDomainInDB
[2020-02-27 22:20:19,135] [DEBUG] [CreateRequestTaskQueueProducer] - Task:com.servicemanager.tasks.TaskPersistCustomerInDBForCIM
[2020-02-27 22:20:19,135] [DEBUG] [CreateRequestTaskQueueProducer] - Task:com.servicemanager.tasks.TaskPersistServiceAdminInDBForCIM
[2020-02-27 22:20:19,135] [DEBUG] [CreateRequestTaskQueueProducer] - Task:com.servicemanager.tasks.TaskPersistServiceInDBForCIM
[2020-02-27 22:20:19,135] [DEBUG] [CreateRequestTaskQueueProducer] - Task:com.servicemanager.tasks.TaskCreateVM
[2020-02-27 22:20:19,135] [DEBUG] [CreateRequestTaskQueueProducer] - Task:com.servicemanager.tasks.TaskGenerateNecessaryFoldersForProvisioning
[2020-02-27 22:20:19,136] [DEBUG] [CreateRequestTaskQueueProducer] - Task:com.servicemanager.tasks.TaskGetICAPResource
[2020-02-27 22:20:19,136] [DEBUG] [CreateRequestTaskQueueProducer] - Task:com.servicemanager.tasks.TaskGetSMTPResource
[2020-02-27 22:20:19,136] [DEBUG] [CreateRequestTaskQueueProducer] - Task:com.servicemanager.tasks.TaskAllocateDatabase
[2020-02-27 22:20:19,136] [DEBUG] [CreateRequestTaskQueueProducer] - Task:com.servicemanager.tasks.TaskCreateBlockVolumes
[2020-02-27 22:20:19,136] [DEBUG] [CreateRequestTaskQueueProducer] - Task:com.servicemanager.tasks.TaskAttachBlockVolumesToVM
[2020-02-27 22:20:19,136] [DEBUG] [CreateRequestTaskQueueProducer] - Task:com.servicemanager.tasks.TaskUpdateAnsibleHostsFile
[2020-02-27 22:20:19,137] [DEBUG] [CreateRequestTaskQueueProducer] - Task:com.servicemanager.tasks.TaskCreateVMInitializationAnsiblePlaybookNew
[2020-02-27 22:20:19,137] [DEBUG] [CreateRequestTaskQueueProducer] - Task:com.servicemanager.tasks.TaskInitializeVM
[2020-02-27 22:20:19,137] [DEBUG] [CreateRequestTaskQueueProducer] - Task:com.servicemanager.tasks.TaskGetHostNameOfTheVM
[2020-02-27 22:20:19,137] [DEBUG] [CreateRequestTaskQueueProducer] - Task:com.servicemanager.tasks.TaskCreateEnterpriseAppInIdcs
[2020-02-27 22:20:19,137] [DEBUG] [CreateRequestTaskQueueProducer] - Task:com.servicemanager.tasks.TaskGetServiceInstanceGUID
[2020-02-27 22:20:19,137] [DEBUG] [CreateRequestTaskQueueProducer] - Task:com.servicemanager.tasks.TaskGetEnterpriseAppDetails
[2020-02-27 22:20:19,137] [DEBUG] [CreateRequestTaskQueueProducer] - Task:com.servicemanager.tasks.TaskCreateAppGatewayInIdcs
[2020-02-27 22:20:19,137] [DEBUG] [CreateRequestTaskQueueProducer] - Task:com.servicemanager.tasks.TaskActivateAppGatewayInIdcs
[2020-02-27 22:20:19,138] [DEBUG] [CreateRequestTaskQueueProducer] - Task:com.servicemanager.tasks.TaskCreateHostInAppGateway
[2020-02-27 22:20:19,138] [DEBUG] [CreateRequestTaskQueueProducer] - Task:com.servicemanager.tasks.TaskCreateCloudGateMappingsInApp
[2020-02-27 22:20:19,138] [DEBUG] [CreateRequestTaskQueueProducer] - Task:com.servicemanager.tasks.TaskGenerateServiceJsonAndWallet
[2020-02-27 22:20:19,138] [DEBUG] [CreateRequestTaskQueueProducer] - Task:com.servicemanager.tasks.TaskGenerateRehydrationWrapperScript
[2020-02-27 22:20:19,138] [DEBUG] [CreateRequestTaskQueueProducer] - Task:com.servicemanager.tasks.TaskGenerateRehydrationAnsiblePlaybook
[2020-02-27 22:20:19,138] [DEBUG] [CreateRequestTaskQueueProducer] - Task:com.servicemanager.tasks.TaskInvokeRehydrationAnsible
[2020-02-27 22:20:19,138] [DEBUG] [CreateRequestTaskQueueProducer] - Task:com.servicemanager.tasks.TaskGenerateRehydrationMonitoringAnsiblePlaybook
[2020-02-27 22:20:19,138] [DEBUG] [CreateRequestTaskQueueProducer] - Task:com.servicemanager.tasks.TaskWaitForRehydrationCompletion
[2020-02-27 22:20:19,139] [DEBUG] [CreateRequestTaskQueueProducer] - Task:com.servicemanager.tasks.TaskGetOrCreateLoadBalancer
[2020-02-27 22:20:19,139] [DEBUG] [CreateRequestTaskQueueProducer] - Task:com.servicemanager.tasks.TaskUpdateLoadBalancerSSLCertificate
[2020-02-27 22:20:19,139] [DEBUG] [CreateRequestTaskQueueProducer] - Task:com.servicemanager.tasks.TaskCreateListenerHostname
[2020-02-27 22:20:19,139] [DEBUG] [CreateRequestTaskQueueProducer] - Task:com.servicemanager.tasks.TaskCreateBackendSet
[2020-02-27 22:20:19,139] [DEBUG] [CreateRequestTaskQueueProducer] - Task:com.servicemanager.tasks.TaskCreateRuleSet
[2020-02-27 22:20:19,139] [DEBUG] [CreateRequestTaskQueueProducer] - Task:com.servicemanager.tasks.TaskCreateListenerForLoadBalancer
[2020-02-27 22:20:19,139] [DEBUG] [CreateRequestTaskQueueProducer] - Task:com.servicemanager.tasks.TaskGenerateDNSNameForLoadBalancerIfNotPresent
[2020-02-27 22:20:19,140] [DEBUG] [CreateRequestTaskQueueProducer] - Task:com.servicemanager.tasks.TaskValidateLoadBalancerDNSNameAndPublishARecord
[2020-02-27 22:20:19,140] [DEBUG] [CreateRequestTaskQueueProducer] - Task:com.servicemanager.tasks.TaskValidateServiceDNSNameAndPublishCNAME
[2020-02-27 22:20:19,140] [DEBUG] [CreateRequestTaskQueueProducer] - Task:com.servicemanager.tasks.TaskUpdateEnvironmentInDB
[2020-02-27 22:20:19,140] [DEBUG] [CreateRequestTaskQueueProducer] - Task:com.servicemanager.tasks.TaskRegisterWithFleetManager
[2020-02-27 22:20:19,140] [DEBUG] [CreateRequestTaskQueueProducer] - Task:com.servicemanager.tasks.TaskUpdateServiceInDB
[2020-02-27 22:20:19,145] [DEBUG] [CustomJPALogger] - SELECT ID, CIM_INSTANCE_ID, CIM_REQUEST_ID, CREATION, ENTITLEMENT_REQUEST_ID, IDENTITY_DOMAIN_NAME, MODIFIED, OPERATION_TYPE, PAYLOAD, SCHEDULED_TIME, SERVICE_INSTANCE_ID, SERVICE_NAME, SERVICE_TYPE, STATE, USER_REQUEST_NAME, VERSION FROM SERVICE_REQUEST WHERE (ID = ?)
	bind => [10000]
[2020-02-27 22:20:19,446] [DEBUG] [CustomJPALogger] - SELECT ID, CIM_INSTANCE_ID, CIM_REQUEST_ID, CREATION, ENTITLEMENT_REQUEST_ID, IDENTITY_DOMAIN_NAME, MODIFIED, OPERATION_TYPE, PAYLOAD, SCHEDULED_TIME, SERVICE_INSTANCE_ID, SERVICE_NAME, SERVICE_TYPE, STATE, USER_REQUEST_NAME, VERSION FROM SERVICE_REQUEST WHERE (STATE = ?) ORDER BY CREATION DESC
	bind => [READY]
[2020-02-27 22:20:19,629] [DEBUG] [CustomJPALogger] - SELECT ID, CREATION, KEY, MODIFIED, VALUE, VERSION, SERVICE_REQUEST_ID_FK FROM SERVICE_REQUEST_PROPERTIES WHERE (SERVICE_REQUEST_ID_FK = ?)
	bind => [10000]
[2020-02-27 22:20:19,870] [DEBUG] [CustomJPALogger] - SELECT ID, CREATION, EXECUTION_SEQUENCE, INVOCATION_CLASS, INVOCATION_URI, MODIFIED, STATE, VERSION, SERVICE_REQUEST_ID_FK FROM TASK WHERE (SERVICE_REQUEST_ID_FK = ?)
	bind => [10000]
[2020-02-27 22:20:19,931] [DEBUG] [CustomJPALogger] - SELECT ID, CIM_INSTANCE_ID, CIM_REQUEST_ID, CREATION, ENTITLEMENT_REQUEST_ID, IDENTITY_DOMAIN_NAME, MODIFIED, OPERATION_TYPE, PAYLOAD, SCHEDULED_TIME, SERVICE_INSTANCE_ID, SERVICE_NAME, SERVICE_TYPE, STATE, USER_REQUEST_NAME, VERSION FROM SERVICE_REQUEST WHERE (STATE = ?) ORDER BY CREATION DESC
	bind => [READY]
[2020-02-27 22:20:20,125] [DEBUG] [CustomJPALogger] - SELECT TASK_ID.NEXTVAL FROM DUAL
[2020-02-27 22:20:20,379] [DEBUG] [CustomJPALogger] - SELECT TASK_ID.NEXTVAL FROM DUAL
[2020-02-27 22:20:20,414] [DEBUG] [CustomJPALogger] - SELECT ID, CIM_INSTANCE_ID, CIM_REQUEST_ID, CREATION, ENTITLEMENT_REQUEST_ID, IDENTITY_DOMAIN_NAME, MODIFIED, OPERATION_TYPE, PAYLOAD, SCHEDULED_TIME, SERVICE_INSTANCE_ID, SERVICE_NAME, SERVICE_TYPE, STATE, USER_REQUEST_NAME, VERSION FROM SERVICE_REQUEST WHERE (STATE = ?) ORDER BY CREATION DESC
	bind => [READY]
[2020-02-27 22:20:20,621] [DEBUG] [CustomJPALogger] - SELECT TASK_ID.NEXTVAL FROM DUAL
[2020-02-27 22:20:20,862] [DEBUG] [CustomJPALogger] - SELECT TASK_ID.NEXTVAL FROM DUAL
[2020-02-27 22:20:20,896] [DEBUG] [CustomJPALogger] - SELECT ID, CIM_INSTANCE_ID, CIM_REQUEST_ID, CREATION, ENTITLEMENT_REQUEST_ID, IDENTITY_DOMAIN_NAME, MODIFIED, OPERATION_TYPE, PAYLOAD, SCHEDULED_TIME, SERVICE_INSTANCE_ID, SERVICE_NAME, SERVICE_TYPE, STATE, USER_REQUEST_NAME, VERSION FROM SERVICE_REQUEST WHERE (STATE = ?) ORDER BY CREATION DESC
	bind => [READY]
[2020-02-27 22:20:21,104] [DEBUG] [CustomJPALogger] - SELECT TASK_ID.NEXTVAL FROM DUAL
[2020-02-27 22:20:21,345] [DEBUG] [CustomJPALogger] - SELECT TASK_ID.NEXTVAL FROM DUAL
[2020-02-27 22:20:21,389] [DEBUG] [CustomJPALogger] - SELECT ID, CIM_INSTANCE_ID, CIM_REQUEST_ID, CREATION, ENTITLEMENT_REQUEST_ID, IDENTITY_DOMAIN_NAME, MODIFIED, OPERATION_TYPE, PAYLOAD, SCHEDULED_TIME, SERVICE_INSTANCE_ID, SERVICE_NAME, SERVICE_TYPE, STATE, USER_REQUEST_NAME, VERSION FROM SERVICE_REQUEST WHERE (STATE = ?) ORDER BY CREATION DESC
	bind => [READY]
[2020-02-27 22:20:21,587] [DEBUG] [CustomJPALogger] - SELECT TASK_ID.NEXTVAL FROM DUAL
[2020-02-27 22:20:21,828] [DEBUG] [CustomJPALogger] - SELECT TASK_ID.NEXTVAL FROM DUAL
[2020-02-27 22:20:21,871] [DEBUG] [CustomJPALogger] - SELECT ID, CIM_INSTANCE_ID, CIM_REQUEST_ID, CREATION, ENTITLEMENT_REQUEST_ID, IDENTITY_DOMAIN_NAME, MODIFIED, OPERATION_TYPE, PAYLOAD, SCHEDULED_TIME, SERVICE_INSTANCE_ID, SERVICE_NAME, SERVICE_TYPE, STATE, USER_REQUEST_NAME, VERSION FROM SERVICE_REQUEST WHERE (STATE = ?) ORDER BY CREATION DESC
	bind => [READY]
[2020-02-27 22:20:22,069] [DEBUG] [CustomJPALogger] - SELECT TASK_ID.NEXTVAL FROM DUAL
[2020-02-27 22:20:22,311] [DEBUG] [CustomJPALogger] - SELECT TASK_ID.NEXTVAL FROM DUAL
[2020-02-27 22:20:22,352] [DEBUG] [CustomJPALogger] - SELECT ID, CIM_INSTANCE_ID, CIM_REQUEST_ID, CREATION, ENTITLEMENT_REQUEST_ID, IDENTITY_DOMAIN_NAME, MODIFIED, OPERATION_TYPE, PAYLOAD, SCHEDULED_TIME, SERVICE_INSTANCE_ID, SERVICE_NAME, SERVICE_TYPE, STATE, USER_REQUEST_NAME, VERSION FROM SERVICE_REQUEST WHERE (STATE = ?) ORDER BY CREATION DESC
	bind => [READY]
[2020-02-27 22:20:22,553] [DEBUG] [CustomJPALogger] - SELECT TASK_ID.NEXTVAL FROM DUAL
[2020-02-27 22:20:22,795] [DEBUG] [CustomJPALogger] - SELECT TASK_ID.NEXTVAL FROM DUAL
[2020-02-27 22:20:22,835] [DEBUG] [CustomJPALogger] - SELECT ID, CIM_INSTANCE_ID, CIM_REQUEST_ID, CREATION, ENTITLEMENT_REQUEST_ID, IDENTITY_DOMAIN_NAME, MODIFIED, OPERATION_TYPE, PAYLOAD, SCHEDULED_TIME, SERVICE_INSTANCE_ID, SERVICE_NAME, SERVICE_TYPE, STATE, USER_REQUEST_NAME, VERSION FROM SERVICE_REQUEST WHERE (STATE = ?) ORDER BY CREATION DESC
	bind => [READY]
[2020-02-27 22:20:23,036] [DEBUG] [CustomJPALogger] - SELECT TASK_ID.NEXTVAL FROM DUAL
[2020-02-27 22:20:23,278] [DEBUG] [CustomJPALogger] - SELECT TASK_ID.NEXTVAL FROM DUAL
[2020-02-27 22:20:23,316] [DEBUG] [CustomJPALogger] - SELECT ID, CIM_INSTANCE_ID, CIM_REQUEST_ID, CREATION, ENTITLEMENT_REQUEST_ID, IDENTITY_DOMAIN_NAME, MODIFIED, OPERATION_TYPE, PAYLOAD, SCHEDULED_TIME, SERVICE_INSTANCE_ID, SERVICE_NAME, SERVICE_TYPE, STATE, USER_REQUEST_NAME, VERSION FROM SERVICE_REQUEST WHERE (STATE = ?) ORDER BY CREATION DESC
	bind => [READY]
[2020-02-27 22:20:23,519] [DEBUG] [CustomJPALogger] - SELECT TASK_ID.NEXTVAL FROM DUAL
[2020-02-27 22:20:23,760] [DEBUG] [CustomJPALogger] - SELECT TASK_ID.NEXTVAL FROM DUAL
[2020-02-27 22:20:23,799] [DEBUG] [CustomJPALogger] - SELECT ID, CIM_INSTANCE_ID, CIM_REQUEST_ID, CREATION, ENTITLEMENT_REQUEST_ID, IDENTITY_DOMAIN_NAME, MODIFIED, OPERATION_TYPE, PAYLOAD, SCHEDULED_TIME, SERVICE_INSTANCE_ID, SERVICE_NAME, SERVICE_TYPE, STATE, USER_REQUEST_NAME, VERSION FROM SERVICE_REQUEST WHERE (STATE = ?) ORDER BY CREATION DESC
	bind => [READY]
[2020-02-27 22:20:24,002] [DEBUG] [CustomJPALogger] - SELECT TASK_ID.NEXTVAL FROM DUAL
[2020-02-27 22:20:24,243] [DEBUG] [CustomJPALogger] - SELECT TASK_ID.NEXTVAL FROM DUAL
[2020-02-27 22:20:24,284] [DEBUG] [CustomJPALogger] - SELECT ID, CIM_INSTANCE_ID, CIM_REQUEST_ID, CREATION, ENTITLEMENT_REQUEST_ID, IDENTITY_DOMAIN_NAME, MODIFIED, OPERATION_TYPE, PAYLOAD, SCHEDULED_TIME, SERVICE_INSTANCE_ID, SERVICE_NAME, SERVICE_TYPE, STATE, USER_REQUEST_NAME, VERSION FROM SERVICE_REQUEST WHERE (STATE = ?) ORDER BY CREATION DESC
	bind => [READY]
[2020-02-27 22:20:24,485] [DEBUG] [CustomJPALogger] - SELECT TASK_ID.NEXTVAL FROM DUAL
[2020-02-27 22:20:24,727] [DEBUG] [CustomJPALogger] - SELECT TASK_ID.NEXTVAL FROM DUAL
[2020-02-27 22:20:24,773] [DEBUG] [CustomJPALogger] - SELECT ID, CIM_INSTANCE_ID, CIM_REQUEST_ID, CREATION, ENTITLEMENT_REQUEST_ID, IDENTITY_DOMAIN_NAME, MODIFIED, OPERATION_TYPE, PAYLOAD, SCHEDULED_TIME, SERVICE_INSTANCE_ID, SERVICE_NAME, SERVICE_TYPE, STATE, USER_REQUEST_NAME, VERSION FROM SERVICE_REQUEST WHERE (STATE = ?) ORDER BY CREATION DESC
	bind => [READY]
[2020-02-27 22:20:24,969] [DEBUG] [CustomJPALogger] - SELECT TASK_ID.NEXTVAL FROM DUAL
[2020-02-27 22:20:25,213] [DEBUG] [CustomJPALogger] - SELECT TASK_ID.NEXTVAL FROM DUAL
[2020-02-27 22:20:25,254] [DEBUG] [CustomJPALogger] - SELECT ID, CIM_INSTANCE_ID, CIM_REQUEST_ID, CREATION, ENTITLEMENT_REQUEST_ID, IDENTITY_DOMAIN_NAME, MODIFIED, OPERATION_TYPE, PAYLOAD, SCHEDULED_TIME, SERVICE_INSTANCE_ID, SERVICE_NAME, SERVICE_TYPE, STATE, USER_REQUEST_NAME, VERSION FROM SERVICE_REQUEST WHERE (STATE = ?) ORDER BY CREATION DESC
	bind => [READY]
[2020-02-27 22:20:25,454] [DEBUG] [CustomJPALogger] - SELECT TASK_ID.NEXTVAL FROM DUAL
[2020-02-27 22:20:25,697] [DEBUG] [CustomJPALogger] - SELECT TASK_ID.NEXTVAL FROM DUAL
[2020-02-27 22:20:25,736] [DEBUG] [CustomJPALogger] - SELECT ID, CIM_INSTANCE_ID, CIM_REQUEST_ID, CREATION, ENTITLEMENT_REQUEST_ID, IDENTITY_DOMAIN_NAME, MODIFIED, OPERATION_TYPE, PAYLOAD, SCHEDULED_TIME, SERVICE_INSTANCE_ID, SERVICE_NAME, SERVICE_TYPE, STATE, USER_REQUEST_NAME, VERSION FROM SERVICE_REQUEST WHERE (STATE = ?) ORDER BY CREATION DESC
	bind => [READY]
[2020-02-27 22:20:25,939] [DEBUG] [CustomJPALogger] - SELECT TASK_ID.NEXTVAL FROM DUAL
[2020-02-27 22:20:26,180] [DEBUG] [CustomJPALogger] - SELECT TASK_ID.NEXTVAL FROM DUAL
[2020-02-27 22:20:26,219] [DEBUG] [CustomJPALogger] - SELECT ID, CIM_INSTANCE_ID, CIM_REQUEST_ID, CREATION, ENTITLEMENT_REQUEST_ID, IDENTITY_DOMAIN_NAME, MODIFIED, OPERATION_TYPE, PAYLOAD, SCHEDULED_TIME, SERVICE_INSTANCE_ID, SERVICE_NAME, SERVICE_TYPE, STATE, USER_REQUEST_NAME, VERSION FROM SERVICE_REQUEST WHERE (STATE = ?) ORDER BY CREATION DESC
	bind => [READY]
[2020-02-27 22:20:26,423] [DEBUG] [CustomJPALogger] - SELECT TASK_ID.NEXTVAL FROM DUAL
[2020-02-27 22:20:26,665] [DEBUG] [CustomJPALogger] - SELECT TASK_ID.NEXTVAL FROM DUAL
[2020-02-27 22:20:26,703] [DEBUG] [CustomJPALogger] - SELECT ID, CIM_INSTANCE_ID, CIM_REQUEST_ID, CREATION, ENTITLEMENT_REQUEST_ID, IDENTITY_DOMAIN_NAME, MODIFIED, OPERATION_TYPE, PAYLOAD, SCHEDULED_TIME, SERVICE_INSTANCE_ID, SERVICE_NAME, SERVICE_TYPE, STATE, USER_REQUEST_NAME, VERSION FROM SERVICE_REQUEST WHERE (STATE = ?) ORDER BY CREATION DESC
	bind => [READY]
[2020-02-27 22:20:26,907] [DEBUG] [CustomJPALogger] - SELECT TASK_ID.NEXTVAL FROM DUAL
[2020-02-27 22:20:27,149] [DEBUG] [CustomJPALogger] - SELECT TASK_ID.NEXTVAL FROM DUAL
[2020-02-27 22:20:27,186] [DEBUG] [CustomJPALogger] - SELECT ID, CIM_INSTANCE_ID, CIM_REQUEST_ID, CREATION, ENTITLEMENT_REQUEST_ID, IDENTITY_DOMAIN_NAME, MODIFIED, OPERATION_TYPE, PAYLOAD, SCHEDULED_TIME, SERVICE_INSTANCE_ID, SERVICE_NAME, SERVICE_TYPE, STATE, USER_REQUEST_NAME, VERSION FROM SERVICE_REQUEST WHERE (STATE = ?) ORDER BY CREATION DESC
	bind => [READY]
[2020-02-27 22:20:27,390] [DEBUG] [CustomJPALogger] - SELECT TASK_ID.NEXTVAL FROM DUAL
[2020-02-27 22:20:27,633] [DEBUG] [CustomJPALogger] - SELECT TASK_ID.NEXTVAL FROM DUAL
[2020-02-27 22:20:27,673] [DEBUG] [CustomJPALogger] - SELECT ID, CIM_INSTANCE_ID, CIM_REQUEST_ID, CREATION, ENTITLEMENT_REQUEST_ID, IDENTITY_DOMAIN_NAME, MODIFIED, OPERATION_TYPE, PAYLOAD, SCHEDULED_TIME, SERVICE_INSTANCE_ID, SERVICE_NAME, SERVICE_TYPE, STATE, USER_REQUEST_NAME, VERSION FROM SERVICE_REQUEST WHERE (STATE = ?) ORDER BY CREATION DESC
	bind => [READY]
[2020-02-27 22:20:27,876] [DEBUG] [CustomJPALogger] - SELECT TASK_ID.NEXTVAL FROM DUAL
[2020-02-27 22:20:28,117] [DEBUG] [CustomJPALogger] - SELECT TASK_ID.NEXTVAL FROM DUAL
[2020-02-27 22:20:28,155] [DEBUG] [CustomJPALogger] - SELECT ID, CIM_INSTANCE_ID, CIM_REQUEST_ID, CREATION, ENTITLEMENT_REQUEST_ID, IDENTITY_DOMAIN_NAME, MODIFIED, OPERATION_TYPE, PAYLOAD, SCHEDULED_TIME, SERVICE_INSTANCE_ID, SERVICE_NAME, SERVICE_TYPE, STATE, USER_REQUEST_NAME, VERSION FROM SERVICE_REQUEST WHERE (STATE = ?) ORDER BY CREATION DESC
	bind => [READY]
[2020-02-27 22:20:28,359] [DEBUG] [CustomJPALogger] - SELECT TASK_ID.NEXTVAL FROM DUAL
[2020-02-27 22:20:28,600] [DEBUG] [CustomJPALogger] - SELECT TASK_ID.NEXTVAL FROM DUAL
[2020-02-27 22:20:28,638] [DEBUG] [CustomJPALogger] - SELECT ID, CIM_INSTANCE_ID, CIM_REQUEST_ID, CREATION, ENTITLEMENT_REQUEST_ID, IDENTITY_DOMAIN_NAME, MODIFIED, OPERATION_TYPE, PAYLOAD, SCHEDULED_TIME, SERVICE_INSTANCE_ID, SERVICE_NAME, SERVICE_TYPE, STATE, USER_REQUEST_NAME, VERSION FROM SERVICE_REQUEST WHERE (STATE = ?) ORDER BY CREATION DESC
	bind => [READY]
[2020-02-27 22:20:28,842] [DEBUG] [CustomJPALogger] - SELECT TASK_ID.NEXTVAL FROM DUAL
[2020-02-27 22:20:29,084] [DEBUG] [CustomJPALogger] - SELECT TASK_ID.NEXTVAL FROM DUAL
[2020-02-27 22:20:29,121] [DEBUG] [CustomJPALogger] - SELECT ID, CIM_INSTANCE_ID, CIM_REQUEST_ID, CREATION, ENTITLEMENT_REQUEST_ID, IDENTITY_DOMAIN_NAME, MODIFIED, OPERATION_TYPE, PAYLOAD, SCHEDULED_TIME, SERVICE_INSTANCE_ID, SERVICE_NAME, SERVICE_TYPE, STATE, USER_REQUEST_NAME, VERSION FROM SERVICE_REQUEST WHERE (STATE = ?) ORDER BY CREATION DESC
	bind => [READY]
[2020-02-27 22:20:29,326] [DEBUG] [CustomJPALogger] - SELECT TASK_ID.NEXTVAL FROM DUAL
[2020-02-27 22:20:29,568] [DEBUG] [CustomJPALogger] - SELECT TASK_ID.NEXTVAL FROM DUAL
[2020-02-27 22:20:29,604] [DEBUG] [CustomJPALogger] - SELECT ID, CIM_INSTANCE_ID, CIM_REQUEST_ID, CREATION, ENTITLEMENT_REQUEST_ID, IDENTITY_DOMAIN_NAME, MODIFIED, OPERATION_TYPE, PAYLOAD, SCHEDULED_TIME, SERVICE_INSTANCE_ID, SERVICE_NAME, SERVICE_TYPE, STATE, USER_REQUEST_NAME, VERSION FROM SERVICE_REQUEST WHERE (STATE = ?) ORDER BY CREATION DESC
	bind => [READY]
[2020-02-27 22:20:29,815] [DEBUG] [CustomJPALogger] - UPDATE SERVICE_REQUEST SET MODIFIED = ?, STATE = ?, VERSION = ? WHERE ((ID = ?) AND (VERSION = ?))
	bind => [2020-02-27 22:20:29.813, READY, 2, 10000, 1]
[2020-02-27 22:20:30,064] [DEBUG] [CustomJPALogger] - INSERT INTO TASK (ID, CREATION, EXECUTION_SEQUENCE, INVOCATION_CLASS, INVOCATION_URI, MODIFIED, STATE, VERSION, SERVICE_REQUEST_ID_FK) VALUES (?, ?, ?, ?, ?, ?, ?, ?, ?)
	bind => [10029, 2020-02-27 22:20:27.39, 30, com.servicemanager.tasks.TaskUpdateLoadBalancerSSLCertificate, com.servicemanager.tasks.TaskUpdateLoadBalancerSSLCertificate/execute, 2020-02-27 22:20:27.39, READY, 1, 10000]
[2020-02-27 22:20:30,088] [DEBUG] [CustomJPALogger] - SELECT ID, CIM_INSTANCE_ID, CIM_REQUEST_ID, CREATION, ENTITLEMENT_REQUEST_ID, IDENTITY_DOMAIN_NAME, MODIFIED, OPERATION_TYPE, PAYLOAD, SCHEDULED_TIME, SERVICE_INSTANCE_ID, SERVICE_NAME, SERVICE_TYPE, STATE, USER_REQUEST_NAME, VERSION FROM SERVICE_REQUEST WHERE (STATE = ?) ORDER BY CREATION DESC
	bind => [READY]
[2020-02-27 22:20:30,364] [DEBUG] [CustomJPALogger] - INSERT INTO TASK (ID, CREATION, EXECUTION_SEQUENCE, INVOCATION_CLASS, INVOCATION_URI, MODIFIED, STATE, VERSION, SERVICE_REQUEST_ID_FK) VALUES (?, ?, ?, ?, ?, ?, ?, ?, ?)
	bind => [10023, 2020-02-27 22:20:25.938, 24, com.servicemanager.tasks.TaskGenerateRehydrationWrapperScript, com.servicemanager.tasks.TaskGenerateRehydrationWrapperScript/execute, 2020-02-27 22:20:25.938, READY, 1, 10000]
[2020-02-27 22:20:30,673] [DEBUG] [CustomJPALogger] - INSERT INTO TASK (ID, CREATION, EXECUTION_SEQUENCE, INVOCATION_CLASS, INVOCATION_URI, MODIFIED, STATE, VERSION, SERVICE_REQUEST_ID_FK) VALUES (?, ?, ?, ?, ?, ?, ?, ?, ?)
	bind => [10021, 2020-02-27 22:20:25.454, 22, com.servicemanager.tasks.TaskCreateCloudGateMappingsInApp, com.servicemanager.tasks.TaskCreateCloudGateMappingsInApp/execute, 2020-02-27 22:20:25.454, READY, 1, 10000]
[2020-02-27 22:20:30,979] [DEBUG] [CustomJPALogger] - SELECT ID, CREATION, KEY, MODIFIED, VALUE, VERSION, SERVICE_REQUEST_ID_FK FROM SERVICE_REQUEST_PROPERTIES WHERE (SERVICE_REQUEST_ID_FK = ?)
	bind => [10000]
[2020-02-27 22:20:30,979] [DEBUG] [CustomJPALogger] - INSERT INTO TASK (ID, CREATION, EXECUTION_SEQUENCE, INVOCATION_CLASS, INVOCATION_URI, MODIFIED, STATE, VERSION, SERVICE_REQUEST_ID_FK) VALUES (?, ?, ?, ?, ?, ?, ?, ?, ?)
	bind => [10006, 2020-02-27 22:20:21.827, 7, com.servicemanager.tasks.TaskGetICAPResource, com.servicemanager.tasks.TaskGetICAPResource/execute, 2020-02-27 22:20:21.827, READY, 1, 10000]
[2020-02-27 22:20:31,286] [DEBUG] [CustomJPALogger] - SELECT ID, CREATION, EXECUTION_SEQUENCE, INVOCATION_CLASS, INVOCATION_URI, MODIFIED, STATE, VERSION, SERVICE_REQUEST_ID_FK FROM TASK WHERE (SERVICE_REQUEST_ID_FK = ?)
	bind => [10000]
[2020-02-27 22:20:31,286] [DEBUG] [CustomJPALogger] - INSERT INTO TASK (ID, CREATION, EXECUTION_SEQUENCE, INVOCATION_CLASS, INVOCATION_URI, MODIFIED, STATE, VERSION, SERVICE_REQUEST_ID_FK) VALUES (?, ?, ?, ?, ?, ?, ?, ?, ?)
	bind => [10013, 2020-02-27 22:20:23.518, 14, com.servicemanager.tasks.TaskInitializeVM, com.servicemanager.tasks.TaskInitializeVM/execute, 2020-02-27 22:20:23.518, READY, 1, 10000]
[2020-02-27 22:20:31,531] [DEBUG] [CustomJPALogger] - INSERT INTO TASK (ID, CREATION, EXECUTION_SEQUENCE, INVOCATION_CLASS, INVOCATION_URI, MODIFIED, STATE, VERSION, SERVICE_REQUEST_ID_FK) VALUES (?, ?, ?, ?, ?, ?, ?, ?, ?)
	bind => [10012, 2020-02-27 22:20:23.277, 13, com.servicemanager.tasks.TaskCreateVMInitializationAnsiblePlaybookNew, com.servicemanager.tasks.TaskCreateVMInitializationAnsiblePlaybookNew/execute, 2020-02-27 22:20:23.277, READY, 1, 10000]
[2020-02-27 22:20:31,539] [DEBUG] [DirtyReadCheck$ThreadConsumer] - GOT TASK:[Task | id=10006 invocationClass=com.servicemanager.tasks.TaskGetICAPResource invocationURI=com.servicemanager.tasks.TaskGetICAPResource/execute executionSequence=7]
[2020-02-27 22:20:31,901] [DEBUG] [CustomJPALogger] - INSERT INTO TASK (ID, CREATION, EXECUTION_SEQUENCE, INVOCATION_CLASS, INVOCATION_URI, MODIFIED, STATE, VERSION, SERVICE_REQUEST_ID_FK) VALUES (?, ?, ?, ?, ?, ?, ?, ?, ?)
	bind => [10020, 2020-02-27 22:20:25.212, 21, com.servicemanager.tasks.TaskCreateHostInAppGateway, com.servicemanager.tasks.TaskCreateHostInAppGateway/execute, 2020-02-27 22:20:25.212, READY, 1, 10000]
[2020-02-27 22:20:32,208] [DEBUG] [CustomJPALogger] - INSERT INTO TASK (ID, CREATION, EXECUTION_SEQUENCE, INVOCATION_CLASS, INVOCATION_URI, MODIFIED, STATE, VERSION, SERVICE_REQUEST_ID_FK) VALUES (?, ?, ?, ?, ?, ?, ?, ?, ?)
	bind => [10004, 2020-02-27 22:20:21.344, 5, com.servicemanager.tasks.TaskCreateVM, com.servicemanager.tasks.TaskCreateVM/execute, 2020-02-27 22:20:21.344, READY, 1, 10000]
[2020-02-27 22:20:32,515] [DEBUG] [CustomJPALogger] - INSERT INTO TASK (ID, CREATION, EXECUTION_SEQUENCE, INVOCATION_CLASS, INVOCATION_URI, MODIFIED, STATE, VERSION, SERVICE_REQUEST_ID_FK) VALUES (?, ?, ?, ?, ?, ?, ?, ?, ?)
	bind => [10033, 2020-02-27 22:20:28.358, 34, com.servicemanager.tasks.TaskCreateListenerForLoadBalancer, com.servicemanager.tasks.TaskCreateListenerForLoadBalancer/execute, 2020-02-27 22:20:28.358, READY, 1, 10000]
[2020-02-27 22:20:32,759] [DEBUG] [CustomJPALogger] - INSERT INTO TASK (ID, CREATION, EXECUTION_SEQUENCE, INVOCATION_CLASS, INVOCATION_URI, MODIFIED, STATE, VERSION, SERVICE_REQUEST_ID_FK) VALUES (?, ?, ?, ?, ?, ?, ?, ?, ?)
	bind => [10018, 2020-02-27 22:20:24.726, 19, com.servicemanager.tasks.TaskCreateAppGatewayInIdcs, com.servicemanager.tasks.TaskCreateAppGatewayInIdcs/execute, 2020-02-27 22:20:24.726, READY, 1, 10000]
[2020-02-27 22:20:33,004] [DEBUG] [CustomJPALogger] - INSERT INTO TASK (ID, CREATION, EXECUTION_SEQUENCE, INVOCATION_CLASS, INVOCATION_URI, MODIFIED, STATE, VERSION, SERVICE_REQUEST_ID_FK) VALUES (?, ?, ?, ?, ?, ?, ?, ?, ?)
	bind => [10003, 2020-02-27 22:20:21.103, 4, com.servicemanager.tasks.TaskPersistServiceInDBForCIM, com.servicemanager.tasks.TaskPersistServiceInDBForCIM/execute, 2020-02-27 22:20:21.103, READY, 1, 10000]
[2020-02-27 22:20:33,249] [DEBUG] [CustomJPALogger] - INSERT INTO TASK (ID, CREATION, EXECUTION_SEQUENCE, INVOCATION_CLASS, INVOCATION_URI, MODIFIED, STATE, VERSION, SERVICE_REQUEST_ID_FK) VALUES (?, ?, ?, ?, ?, ?, ?, ?, ?)
	bind => [10025, 2020-02-27 22:20:26.422, 26, com.servicemanager.tasks.TaskInvokeRehydrationAnsible, com.servicemanager.tasks.TaskInvokeRehydrationAnsible/execute, 2020-02-27 22:20:26.422, READY, 1, 10000]
[2020-02-27 22:20:33,493] [DEBUG] [CustomJPALogger] - INSERT INTO TASK (ID, CREATION, EXECUTION_SEQUENCE, INVOCATION_CLASS, INVOCATION_URI, MODIFIED, STATE, VERSION, SERVICE_REQUEST_ID_FK) VALUES (?, ?, ?, ?, ?, ?, ?, ?, ?)
	bind => [10034, 2020-02-27 22:20:28.6, 35, com.servicemanager.tasks.TaskGenerateDNSNameForLoadBalancerIfNotPresent, com.servicemanager.tasks.TaskGenerateDNSNameForLoadBalancerIfNotPresent/execute, 2020-02-27 22:20:28.6, READY, 1, 10000]
[2020-02-27 22:20:33,737] [DEBUG] [CustomJPALogger] - INSERT INTO TASK (ID, CREATION, EXECUTION_SEQUENCE, INVOCATION_CLASS, INVOCATION_URI, MODIFIED, STATE, VERSION, SERVICE_REQUEST_ID_FK) VALUES (?, ?, ?, ?, ?, ?, ?, ?, ?)
	bind => [10007, 2020-02-27 22:20:22.068, 8, com.servicemanager.tasks.TaskGetSMTPResource, com.servicemanager.tasks.TaskGetSMTPResource/execute, 2020-02-27 22:20:22.068, READY, 1, 10000]
[2020-02-27 22:20:34,051] [DEBUG] [CustomJPALogger] - INSERT INTO TASK (ID, CREATION, EXECUTION_SEQUENCE, INVOCATION_CLASS, INVOCATION_URI, MODIFIED, STATE, VERSION, SERVICE_REQUEST_ID_FK) VALUES (?, ?, ?, ?, ?, ?, ?, ?, ?)
	bind => [10032, 2020-02-27 22:20:28.116, 33, com.servicemanager.tasks.TaskCreateRuleSet, com.servicemanager.tasks.TaskCreateRuleSet/execute, 2020-02-27 22:20:28.116, READY, 1, 10000]
[2020-02-27 22:20:34,358] [DEBUG] [CustomJPALogger] - INSERT INTO TASK (ID, CREATION, EXECUTION_SEQUENCE, INVOCATION_CLASS, INVOCATION_URI, MODIFIED, STATE, VERSION, SERVICE_REQUEST_ID_FK) VALUES (?, ?, ?, ?, ?, ?, ?, ?, ?)
	bind => [10016, 2020-02-27 22:20:24.242, 17, com.servicemanager.tasks.TaskGetServiceInstanceGUID, com.servicemanager.tasks.TaskGetServiceInstanceGUID/execute, 2020-02-27 22:20:24.242, READY, 1, 10000]
[2020-02-27 22:20:34,665] [DEBUG] [CustomJPALogger] - INSERT INTO TASK (ID, CREATION, EXECUTION_SEQUENCE, INVOCATION_CLASS, INVOCATION_URI, MODIFIED, STATE, VERSION, SERVICE_REQUEST_ID_FK) VALUES (?, ?, ?, ?, ?, ?, ?, ?, ?)
	bind => [10015, 2020-02-27 22:20:24.001, 16, com.servicemanager.tasks.TaskCreateEnterpriseAppInIdcs, com.servicemanager.tasks.TaskCreateEnterpriseAppInIdcs/execute, 2020-02-27 22:20:24.001, READY, 1, 10000]
[2020-02-27 22:20:34,974] [DEBUG] [CustomJPALogger] - INSERT INTO TASK (ID, CREATION, EXECUTION_SEQUENCE, INVOCATION_CLASS, INVOCATION_URI, MODIFIED, STATE, VERSION, SERVICE_REQUEST_ID_FK) VALUES (?, ?, ?, ?, ?, ?, ?, ?, ?)
	bind => [10036, 2020-02-27 22:20:29.083, 37, com.servicemanager.tasks.TaskValidateServiceDNSNameAndPublishCNAME, com.servicemanager.tasks.TaskValidateServiceDNSNameAndPublishCNAME/execute, 2020-02-27 22:20:29.083, READY, 1, 10000]
[2020-02-27 22:20:35,279] [DEBUG] [CustomJPALogger] - INSERT INTO TASK (ID, CREATION, EXECUTION_SEQUENCE, INVOCATION_CLASS, INVOCATION_URI, MODIFIED, STATE, VERSION, SERVICE_REQUEST_ID_FK) VALUES (?, ?, ?, ?, ?, ?, ?, ?, ?)
	bind => [10005, 2020-02-27 22:20:21.586, 6, com.servicemanager.tasks.TaskGenerateNecessaryFoldersForProvisioning, com.servicemanager.tasks.TaskGenerateNecessaryFoldersForProvisioning/execute, 2020-02-27 22:20:21.586, READY, 1, 10000]
[2020-02-27 22:20:35,523] [DEBUG] [CustomJPALogger] - INSERT INTO TASK (ID, CREATION, EXECUTION_SEQUENCE, INVOCATION_CLASS, INVOCATION_URI, MODIFIED, STATE, VERSION, SERVICE_REQUEST_ID_FK) VALUES (?, ?, ?, ?, ?, ?, ?, ?, ?)
	bind => [10028, 2020-02-27 22:20:27.148, 29, com.servicemanager.tasks.TaskGetOrCreateLoadBalancer, com.servicemanager.tasks.TaskGetOrCreateLoadBalancer/execute, 2020-02-27 22:20:27.148, READY, 1, 10000]
[2020-02-27 22:20:35,792] [DEBUG] [CustomJPALogger] - INSERT INTO TASK (ID, CREATION, EXECUTION_SEQUENCE, INVOCATION_CLASS, INVOCATION_URI, MODIFIED, STATE, VERSION, SERVICE_REQUEST_ID_FK) VALUES (?, ?, ?, ?, ?, ?, ?, ?, ?)
	bind => [10035, 2020-02-27 22:20:28.841, 36, com.servicemanager.tasks.TaskValidateLoadBalancerDNSNameAndPublishARecord, com.servicemanager.tasks.TaskValidateLoadBalancerDNSNameAndPublishARecord/execute, 2020-02-27 22:20:28.841, READY, 1, 10000]
[2020-02-27 22:20:36,098] [DEBUG] [CustomJPALogger] - INSERT INTO TASK (ID, CREATION, EXECUTION_SEQUENCE, INVOCATION_CLASS, INVOCATION_URI, MODIFIED, STATE, VERSION, SERVICE_REQUEST_ID_FK) VALUES (?, ?, ?, ?, ?, ?, ?, ?, ?)
	bind => [10039, 2020-02-27 22:20:29.808, 40, com.servicemanager.tasks.TaskUpdateServiceInDB, com.servicemanager.tasks.TaskUpdateServiceInDB/execute, 2020-02-27 22:20:29.808, READY, 1, 10000]
[2020-02-27 22:20:36,406] [DEBUG] [CustomJPALogger] - INSERT INTO TASK (ID, CREATION, EXECUTION_SEQUENCE, INVOCATION_CLASS, INVOCATION_URI, MODIFIED, STATE, VERSION, SERVICE_REQUEST_ID_FK) VALUES (?, ?, ?, ?, ?, ?, ?, ?, ?)
	bind => [10011, 2020-02-27 22:20:23.035, 12, com.servicemanager.tasks.TaskUpdateAnsibleHostsFile, com.servicemanager.tasks.TaskUpdateAnsibleHostsFile/execute, 2020-02-27 22:20:23.035, READY, 1, 10000]
[2020-02-27 22:20:36,650] [DEBUG] [CustomJPALogger] - INSERT INTO TASK (ID, CREATION, EXECUTION_SEQUENCE, INVOCATION_CLASS, INVOCATION_URI, MODIFIED, STATE, VERSION, SERVICE_REQUEST_ID_FK) VALUES (?, ?, ?, ?, ?, ?, ?, ?, ?)
	bind => [10038, 2020-02-27 22:20:29.567, 39, com.servicemanager.tasks.TaskRegisterWithFleetManager, com.servicemanager.tasks.TaskRegisterWithFleetManager/execute, 2020-02-27 22:20:29.567, READY, 1, 10000]
[2020-02-27 22:20:36,918] [DEBUG] [CustomJPALogger] - INSERT INTO TASK (ID, CREATION, EXECUTION_SEQUENCE, INVOCATION_CLASS, INVOCATION_URI, MODIFIED, STATE, VERSION, SERVICE_REQUEST_ID_FK) VALUES (?, ?, ?, ?, ?, ?, ?, ?, ?)
	bind => [10022, 2020-02-27 22:20:25.695, 23, com.servicemanager.tasks.TaskGenerateServiceJsonAndWallet, com.servicemanager.tasks.TaskGenerateServiceJsonAndWallet/execute, 2020-02-27 22:20:25.695, READY, 1, 10000]
[2020-02-27 22:20:37,225] [DEBUG] [CustomJPALogger] - INSERT INTO TASK (ID, CREATION, EXECUTION_SEQUENCE, INVOCATION_CLASS, INVOCATION_URI, MODIFIED, STATE, VERSION, SERVICE_REQUEST_ID_FK) VALUES (?, ?, ?, ?, ?, ?, ?, ?, ?)
	bind => [10031, 2020-02-27 22:20:27.875, 32, com.servicemanager.tasks.TaskCreateBackendSet, com.servicemanager.tasks.TaskCreateBackendSet/execute, 2020-02-27 22:20:27.875, READY, 1, 10000]
[2020-02-27 22:20:37,469] [DEBUG] [CustomJPALogger] - INSERT INTO TASK (ID, CREATION, EXECUTION_SEQUENCE, INVOCATION_CLASS, INVOCATION_URI, MODIFIED, STATE, VERSION, SERVICE_REQUEST_ID_FK) VALUES (?, ?, ?, ?, ?, ?, ?, ?, ?)
	bind => [10000, 2020-02-27 22:20:20.379, 1, com.servicemanager.tasks.TaskPersistIdentityDomainInDB, com.servicemanager.tasks.TaskPersistIdentityDomainInDB/execute, 2020-02-27 22:20:20.379, READY, 1, 10000]
[2020-02-27 22:20:37,712] [DEBUG] [CustomJPALogger] - INSERT INTO TASK (ID, CREATION, EXECUTION_SEQUENCE, INVOCATION_CLASS, INVOCATION_URI, MODIFIED, STATE, VERSION, SERVICE_REQUEST_ID_FK) VALUES (?, ?, ?, ?, ?, ?, ?, ?, ?)
	bind => [10019, 2020-02-27 22:20:24.968, 20, com.servicemanager.tasks.TaskActivateAppGatewayInIdcs, com.servicemanager.tasks.TaskActivateAppGatewayInIdcs/execute, 2020-02-27 22:20:24.968, READY, 1, 10000]
[2020-02-27 22:20:38,044] [DEBUG] [CustomJPALogger] - INSERT INTO TASK (ID, CREATION, EXECUTION_SEQUENCE, INVOCATION_CLASS, INVOCATION_URI, MODIFIED, STATE, VERSION, SERVICE_REQUEST_ID_FK) VALUES (?, ?, ?, ?, ?, ?, ?, ?, ?)
	bind => [10030, 2020-02-27 22:20:27.632, 31, com.servicemanager.tasks.TaskCreateListenerHostname, com.servicemanager.tasks.TaskCreateListenerHostname/execute, 2020-02-27 22:20:27.632, READY, 1, 10000]
[2020-02-27 22:20:38,352] [DEBUG] [CustomJPALogger] - INSERT INTO TASK (ID, CREATION, EXECUTION_SEQUENCE, INVOCATION_CLASS, INVOCATION_URI, MODIFIED, STATE, VERSION, SERVICE_REQUEST_ID_FK) VALUES (?, ?, ?, ?, ?, ?, ?, ?, ?)
	bind => [10002, 2020-02-27 22:20:20.861, 3, com.servicemanager.tasks.TaskPersistServiceAdminInDBForCIM, com.servicemanager.tasks.TaskPersistServiceAdminInDBForCIM/execute, 2020-02-27 22:20:20.861, READY, 1, 10000]
[2020-02-27 22:20:38,596] [DEBUG] [CustomJPALogger] - INSERT INTO TASK (ID, CREATION, EXECUTION_SEQUENCE, INVOCATION_CLASS, INVOCATION_URI, MODIFIED, STATE, VERSION, SERVICE_REQUEST_ID_FK) VALUES (?, ?, ?, ?, ?, ?, ?, ?, ?)
	bind => [10037, 2020-02-27 22:20:29.325, 38, com.servicemanager.tasks.TaskUpdateEnvironmentInDB, com.servicemanager.tasks.TaskUpdateEnvironmentInDB/execute, 2020-02-27 22:20:29.325, READY, 1, 10000]
[2020-02-27 22:20:38,841] [DEBUG] [CustomJPALogger] - INSERT INTO TASK (ID, CREATION, EXECUTION_SEQUENCE, INVOCATION_CLASS, INVOCATION_URI, MODIFIED, STATE, VERSION, SERVICE_REQUEST_ID_FK) VALUES (?, ?, ?, ?, ?, ?, ?, ?, ?)
	bind => [10008, 2020-02-27 22:20:22.31, 9, com.servicemanager.tasks.TaskAllocateDatabase, com.servicemanager.tasks.TaskAllocateDatabase/execute, 2020-02-27 22:20:22.31, READY, 1, 10000]
[2020-02-27 22:20:39,171] [DEBUG] [CustomJPALogger] - INSERT INTO TASK (ID, CREATION, EXECUTION_SEQUENCE, INVOCATION_CLASS, INVOCATION_URI, MODIFIED, STATE, VERSION, SERVICE_REQUEST_ID_FK) VALUES (?, ?, ?, ?, ?, ?, ?, ?, ?)
	bind => [10026, 2020-02-27 22:20:26.665, 27, com.servicemanager.tasks.TaskGenerateRehydrationMonitoringAnsiblePlaybook, com.servicemanager.tasks.TaskGenerateRehydrationMonitoringAnsiblePlaybook/execute, 2020-02-27 22:20:26.665, READY, 1, 10000]
[2020-02-27 22:20:39,415] [DEBUG] [CustomJPALogger] - INSERT INTO TASK (ID, CREATION, EXECUTION_SEQUENCE, INVOCATION_CLASS, INVOCATION_URI, MODIFIED, STATE, VERSION, SERVICE_REQUEST_ID_FK) VALUES (?, ?, ?, ?, ?, ?, ?, ?, ?)
	bind => [10017, 2020-02-27 22:20:24.484, 18, com.servicemanager.tasks.TaskGetEnterpriseAppDetails, com.servicemanager.tasks.TaskGetEnterpriseAppDetails/execute, 2020-02-27 22:20:24.484, READY, 1, 10000]
[2020-02-27 22:20:39,659] [DEBUG] [CustomJPALogger] - INSERT INTO TASK (ID, CREATION, EXECUTION_SEQUENCE, INVOCATION_CLASS, INVOCATION_URI, MODIFIED, STATE, VERSION, SERVICE_REQUEST_ID_FK) VALUES (?, ?, ?, ?, ?, ?, ?, ?, ?)
	bind => [10027, 2020-02-27 22:20:26.906, 28, com.servicemanager.tasks.TaskWaitForRehydrationCompletion, com.servicemanager.tasks.TaskWaitForRehydrationCompletion/execute, 2020-02-27 22:20:26.906, READY, 1, 10000]
[2020-02-27 22:20:39,990] [DEBUG] [CustomJPALogger] - INSERT INTO TASK (ID, CREATION, EXECUTION_SEQUENCE, INVOCATION_CLASS, INVOCATION_URI, MODIFIED, STATE, VERSION, SERVICE_REQUEST_ID_FK) VALUES (?, ?, ?, ?, ?, ?, ?, ?, ?)
	bind => [10001, 2020-02-27 22:20:20.62, 2, com.servicemanager.tasks.TaskPersistCustomerInDBForCIM, com.servicemanager.tasks.TaskPersistCustomerInDBForCIM/execute, 2020-02-27 22:20:20.62, READY, 1, 10000]
[2020-02-27 22:20:40,298] [DEBUG] [CustomJPALogger] - INSERT INTO TASK (ID, CREATION, EXECUTION_SEQUENCE, INVOCATION_CLASS, INVOCATION_URI, MODIFIED, STATE, VERSION, SERVICE_REQUEST_ID_FK) VALUES (?, ?, ?, ?, ?, ?, ?, ?, ?)
	bind => [10024, 2020-02-27 22:20:26.179, 25, com.servicemanager.tasks.TaskGenerateRehydrationAnsiblePlaybook, com.servicemanager.tasks.TaskGenerateRehydrationAnsiblePlaybook/execute, 2020-02-27 22:20:26.179, READY, 1, 10000]
[2020-02-27 22:20:40,542] [DEBUG] [CustomJPALogger] - INSERT INTO TASK (ID, CREATION, EXECUTION_SEQUENCE, INVOCATION_CLASS, INVOCATION_URI, MODIFIED, STATE, VERSION, SERVICE_REQUEST_ID_FK) VALUES (?, ?, ?, ?, ?, ?, ?, ?, ?)
	bind => [10014, 2020-02-27 22:20:23.76, 15, com.servicemanager.tasks.TaskGetHostNameOfTheVM, com.servicemanager.tasks.TaskGetHostNameOfTheVM/execute, 2020-02-27 22:20:23.76, READY, 1, 10000]
[2020-02-27 22:20:40,786] [DEBUG] [CustomJPALogger] - INSERT INTO TASK (ID, CREATION, EXECUTION_SEQUENCE, INVOCATION_CLASS, INVOCATION_URI, MODIFIED, STATE, VERSION, SERVICE_REQUEST_ID_FK) VALUES (?, ?, ?, ?, ?, ?, ?, ?, ?)
	bind => [10010, 2020-02-27 22:20:22.794, 11, com.servicemanager.tasks.TaskAttachBlockVolumesToVM, com.servicemanager.tasks.TaskAttachBlockVolumesToVM/execute, 2020-02-27 22:20:22.794, READY, 1, 10000]
[2020-02-27 22:20:41,117] [DEBUG] [CustomJPALogger] - INSERT INTO TASK (ID, CREATION, EXECUTION_SEQUENCE, INVOCATION_CLASS, INVOCATION_URI, MODIFIED, STATE, VERSION, SERVICE_REQUEST_ID_FK) VALUES (?, ?, ?, ?, ?, ?, ?, ?, ?)
	bind => [10009, 2020-02-27 22:20:22.552, 10, com.servicemanager.tasks.TaskCreateBlockVolumes, com.servicemanager.tasks.TaskCreateBlockVolumes/execute, 2020-02-27 22:20:22.552, READY, 1, 10000]
[2020-02-27 22:22:44,920] [DEBUG] [CustomJPALogger] - configured_server_platform [io.helidon.integrations.cdi.eclipselink.CDISEPlatform]
[2020-02-27 22:22:45,314] [INFO ] [CustomJPALogger] - topLink_version [Eclipse Persistence Services - 2.7.5.v20191016-ea124dd158]
[2020-02-27 22:22:45,315] [INFO ] [CustomJPALogger] - application_server_name_and_version [CDISEPlatform]
[2020-02-27 22:22:47,940] [DEBUG] [CustomJPALogger] - dbPlatformHelper_detectedVendorPlatform [org.eclipse.persistence.platform.database.oracle.Oracle12Platform]
[2020-02-27 22:22:47,949] [DEBUG] [CustomJPALogger] - dbPlatformHelper_detectedVendorPlatform [org.eclipse.persistence.platform.database.Oracle12Platform]
[2020-02-27 22:22:48,065] [INFO ] [CustomJPALogger] - login_successful [/file:/Users/ghoolage/Downloads/dev5376-master/dev5376-complete/target/classes/_otmsm_persistence_unit]
[2020-02-27 22:22:48,095] [DEBUG] [CustomJPALogger] - SELECT SERVICE_REQUEST_ID.NEXTVAL FROM DUAL
[2020-02-27 22:22:48,360] [DEBUG] [CustomJPALogger] - INSERT INTO SERVICE_REQUEST (ID, CIM_INSTANCE_ID, CIM_REQUEST_ID, CREATION, ENTITLEMENT_REQUEST_ID, IDENTITY_DOMAIN_NAME, MODIFIED, OPERATION_TYPE, PAYLOAD, SCHEDULED_TIME, SERVICE_INSTANCE_ID, SERVICE_NAME, SERVICE_TYPE, STATE, USER_REQUEST_NAME, VERSION) VALUES (?, ?, ?, ?, ?, ?, ?, ?, ?, ?, ?, ?, ?, ?, ?, ?)
	bind => [10001, 1234, 2345, 2020-02-27 22:22:48.353, null, test0, 2020-02-27 22:22:48.353, CREATE, null, null, 7e33617b-718e-4d34-8981-5fe8e4d95ee5, OTMGTM, PRODUCTION, APPROVED, null, 1]
[2020-02-27 22:22:48,632] [DEBUG] [CustomJPALogger] - SELECT ID, CIM_INSTANCE_ID, CIM_REQUEST_ID, CREATION, ENTITLEMENT_REQUEST_ID, IDENTITY_DOMAIN_NAME, MODIFIED, OPERATION_TYPE, PAYLOAD, SCHEDULED_TIME, SERVICE_INSTANCE_ID, SERVICE_NAME, SERVICE_TYPE, STATE, USER_REQUEST_NAME, VERSION FROM SERVICE_REQUEST WHERE (STATE = ?) ORDER BY CREATION DESC
	bind => [APPROVED]
[2020-02-27 22:22:49,119] [DEBUG] [CustomJPALogger] - SELECT ID, CIM_INSTANCE_ID, CIM_REQUEST_ID, CREATION, ENTITLEMENT_REQUEST_ID, IDENTITY_DOMAIN_NAME, MODIFIED, OPERATION_TYPE, PAYLOAD, SCHEDULED_TIME, SERVICE_INSTANCE_ID, SERVICE_NAME, SERVICE_TYPE, STATE, USER_REQUEST_NAME, VERSION FROM SERVICE_REQUEST WHERE (STATE = ?) ORDER BY CREATION DESC
	bind => [READY]
[2020-02-27 22:22:49,603] [DEBUG] [CustomJPALogger] - SELECT ID, CREATION, KEY, MODIFIED, VALUE, VERSION, SERVICE_REQUEST_ID_FK FROM SERVICE_REQUEST_PROPERTIES WHERE (SERVICE_REQUEST_ID_FK = ?)
	bind => [10001]
[2020-02-27 22:22:49,846] [DEBUG] [CustomJPALogger] - SELECT ID, CREATION, KEY, MODIFIED, VALUE, VERSION, SERVICE_REQUEST_ID_FK FROM SERVICE_REQUEST_PROPERTIES WHERE (SERVICE_REQUEST_ID_FK = ?)
	bind => [10000]
[2020-02-27 22:22:50,088] [DEBUG] [CustomJPALogger] - SELECT ID, CREATION, EXECUTION_SEQUENCE, INVOCATION_CLASS, INVOCATION_URI, MODIFIED, STATE, VERSION, SERVICE_REQUEST_ID_FK FROM TASK WHERE (SERVICE_REQUEST_ID_FK = ?)
	bind => [10001]
[2020-02-27 22:22:50,270] [DEBUG] [CustomJPALogger] - SELECT ID, CREATION, EXECUTION_SEQUENCE, INVOCATION_CLASS, INVOCATION_URI, MODIFIED, STATE, VERSION, SERVICE_REQUEST_ID_FK FROM TASK WHERE (SERVICE_REQUEST_ID_FK = ?)
	bind => [10000]
[2020-02-27 22:22:50,335] [DEBUG] [CreateRequestTaskQueueProducer] - Going to return tasks for OCI
[2020-02-27 22:22:50,336] [DEBUG] [CreateRequestTaskQueueProducer] - Task:com.servicemanager.tasks.TaskPersistIdentityDomainInDB
[2020-02-27 22:22:50,336] [DEBUG] [CreateRequestTaskQueueProducer] - Task:com.servicemanager.tasks.TaskPersistCustomerInDBForCIM
[2020-02-27 22:22:50,336] [DEBUG] [CreateRequestTaskQueueProducer] - Task:com.servicemanager.tasks.TaskPersistServiceAdminInDBForCIM
[2020-02-27 22:22:50,337] [DEBUG] [CreateRequestTaskQueueProducer] - Task:com.servicemanager.tasks.TaskPersistServiceInDBForCIM
[2020-02-27 22:22:50,337] [DEBUG] [CreateRequestTaskQueueProducer] - Task:com.servicemanager.tasks.TaskCreateVM
[2020-02-27 22:22:50,337] [DEBUG] [CreateRequestTaskQueueProducer] - Task:com.servicemanager.tasks.TaskGenerateNecessaryFoldersForProvisioning
[2020-02-27 22:22:50,337] [DEBUG] [CreateRequestTaskQueueProducer] - Task:com.servicemanager.tasks.TaskGetICAPResource
[2020-02-27 22:22:50,337] [DEBUG] [CreateRequestTaskQueueProducer] - Task:com.servicemanager.tasks.TaskGetSMTPResource
[2020-02-27 22:22:50,338] [DEBUG] [CreateRequestTaskQueueProducer] - Task:com.servicemanager.tasks.TaskAllocateDatabase
[2020-02-27 22:22:50,338] [DEBUG] [CreateRequestTaskQueueProducer] - Task:com.servicemanager.tasks.TaskCreateBlockVolumes
[2020-02-27 22:22:50,338] [DEBUG] [CreateRequestTaskQueueProducer] - Task:com.servicemanager.tasks.TaskAttachBlockVolumesToVM
[2020-02-27 22:22:50,339] [DEBUG] [CreateRequestTaskQueueProducer] - Task:com.servicemanager.tasks.TaskUpdateAnsibleHostsFile
[2020-02-27 22:22:50,339] [DEBUG] [CreateRequestTaskQueueProducer] - Task:com.servicemanager.tasks.TaskCreateVMInitializationAnsiblePlaybookNew
[2020-02-27 22:22:50,339] [DEBUG] [CreateRequestTaskQueueProducer] - Task:com.servicemanager.tasks.TaskInitializeVM
[2020-02-27 22:22:50,339] [DEBUG] [CreateRequestTaskQueueProducer] - Task:com.servicemanager.tasks.TaskGetHostNameOfTheVM
[2020-02-27 22:22:50,340] [DEBUG] [CreateRequestTaskQueueProducer] - Task:com.servicemanager.tasks.TaskCreateEnterpriseAppInIdcs
[2020-02-27 22:22:50,340] [DEBUG] [CreateRequestTaskQueueProducer] - Task:com.servicemanager.tasks.TaskGetServiceInstanceGUID
[2020-02-27 22:22:50,340] [DEBUG] [CreateRequestTaskQueueProducer] - Task:com.servicemanager.tasks.TaskGetEnterpriseAppDetails
[2020-02-27 22:22:50,340] [DEBUG] [CreateRequestTaskQueueProducer] - Task:com.servicemanager.tasks.TaskCreateAppGatewayInIdcs
[2020-02-27 22:22:50,340] [DEBUG] [CreateRequestTaskQueueProducer] - Task:com.servicemanager.tasks.TaskActivateAppGatewayInIdcs
[2020-02-27 22:22:50,340] [DEBUG] [CreateRequestTaskQueueProducer] - Task:com.servicemanager.tasks.TaskCreateHostInAppGateway
[2020-02-27 22:22:50,340] [DEBUG] [CreateRequestTaskQueueProducer] - Task:com.servicemanager.tasks.TaskCreateCloudGateMappingsInApp
[2020-02-27 22:22:50,340] [DEBUG] [CreateRequestTaskQueueProducer] - Task:com.servicemanager.tasks.TaskGenerateServiceJsonAndWallet
[2020-02-27 22:22:50,340] [DEBUG] [CreateRequestTaskQueueProducer] - Task:com.servicemanager.tasks.TaskGenerateRehydrationWrapperScript
[2020-02-27 22:22:50,341] [DEBUG] [CreateRequestTaskQueueProducer] - Task:com.servicemanager.tasks.TaskGenerateRehydrationAnsiblePlaybook
[2020-02-27 22:22:50,341] [DEBUG] [CreateRequestTaskQueueProducer] - Task:com.servicemanager.tasks.TaskInvokeRehydrationAnsible
[2020-02-27 22:22:50,341] [DEBUG] [CreateRequestTaskQueueProducer] - Task:com.servicemanager.tasks.TaskGenerateRehydrationMonitoringAnsiblePlaybook
[2020-02-27 22:22:50,341] [DEBUG] [CreateRequestTaskQueueProducer] - Task:com.servicemanager.tasks.TaskWaitForRehydrationCompletion
[2020-02-27 22:22:50,341] [DEBUG] [CreateRequestTaskQueueProducer] - Task:com.servicemanager.tasks.TaskGetOrCreateLoadBalancer
[2020-02-27 22:22:50,341] [DEBUG] [CreateRequestTaskQueueProducer] - Task:com.servicemanager.tasks.TaskUpdateLoadBalancerSSLCertificate
[2020-02-27 22:22:50,341] [DEBUG] [CreateRequestTaskQueueProducer] - Task:com.servicemanager.tasks.TaskCreateListenerHostname
[2020-02-27 22:22:50,341] [DEBUG] [CreateRequestTaskQueueProducer] - Task:com.servicemanager.tasks.TaskCreateBackendSet
[2020-02-27 22:22:50,342] [DEBUG] [CreateRequestTaskQueueProducer] - Task:com.servicemanager.tasks.TaskCreateRuleSet
[2020-02-27 22:22:50,342] [DEBUG] [CreateRequestTaskQueueProducer] - Task:com.servicemanager.tasks.TaskCreateListenerForLoadBalancer
[2020-02-27 22:22:50,342] [DEBUG] [CreateRequestTaskQueueProducer] - Task:com.servicemanager.tasks.TaskGenerateDNSNameForLoadBalancerIfNotPresent
[2020-02-27 22:22:50,342] [DEBUG] [CreateRequestTaskQueueProducer] - Task:com.servicemanager.tasks.TaskValidateLoadBalancerDNSNameAndPublishARecord
[2020-02-27 22:22:50,342] [DEBUG] [CreateRequestTaskQueueProducer] - Task:com.servicemanager.tasks.TaskValidateServiceDNSNameAndPublishCNAME
[2020-02-27 22:22:50,342] [DEBUG] [CreateRequestTaskQueueProducer] - Task:com.servicemanager.tasks.TaskUpdateEnvironmentInDB
[2020-02-27 22:22:50,342] [DEBUG] [CreateRequestTaskQueueProducer] - Task:com.servicemanager.tasks.TaskRegisterWithFleetManager
[2020-02-27 22:22:50,343] [DEBUG] [CreateRequestTaskQueueProducer] - Task:com.servicemanager.tasks.TaskUpdateServiceInDB
[2020-02-27 22:22:50,347] [DEBUG] [CustomJPALogger] - SELECT ID, CIM_INSTANCE_ID, CIM_REQUEST_ID, CREATION, ENTITLEMENT_REQUEST_ID, IDENTITY_DOMAIN_NAME, MODIFIED, OPERATION_TYPE, PAYLOAD, SCHEDULED_TIME, SERVICE_INSTANCE_ID, SERVICE_NAME, SERVICE_TYPE, STATE, USER_REQUEST_NAME, VERSION FROM SERVICE_REQUEST WHERE (ID = ?)
	bind => [10001]
[2020-02-27 22:22:50,832] [DEBUG] [CustomJPALogger] - SELECT ID, CREATION, KEY, MODIFIED, VALUE, VERSION, SERVICE_REQUEST_ID_FK FROM SERVICE_REQUEST_PROPERTIES WHERE (SERVICE_REQUEST_ID_FK = ?)
	bind => [10001]
[2020-02-27 22:22:51,074] [DEBUG] [CustomJPALogger] - SELECT ID, CREATION, EXECUTION_SEQUENCE, INVOCATION_CLASS, INVOCATION_URI, MODIFIED, STATE, VERSION, SERVICE_REQUEST_ID_FK FROM TASK WHERE (SERVICE_REQUEST_ID_FK = ?)
	bind => [10001]
[2020-02-27 22:22:51,318] [DEBUG] [CustomJPALogger] - SELECT TASK_ID.NEXTVAL FROM DUAL
[2020-02-27 22:22:51,487] [DEBUG] [DirtyReadCheck$ThreadConsumer] - GOT TASK:[Task | id=10000 invocationClass=com.servicemanager.tasks.TaskPersistIdentityDomainInDB invocationURI=com.servicemanager.tasks.TaskPersistIdentityDomainInDB/execute executionSequence=1]
[2020-02-27 22:22:51,563] [DEBUG] [CustomJPALogger] - SELECT TASK_ID.NEXTVAL FROM DUAL
[2020-02-27 22:22:51,729] [DEBUG] [CustomJPALogger] - SELECT ID, CIM_INSTANCE_ID, CIM_REQUEST_ID, CREATION, ENTITLEMENT_REQUEST_ID, IDENTITY_DOMAIN_NAME, MODIFIED, OPERATION_TYPE, PAYLOAD, SCHEDULED_TIME, SERVICE_INSTANCE_ID, SERVICE_NAME, SERVICE_TYPE, STATE, USER_REQUEST_NAME, VERSION FROM SERVICE_REQUEST WHERE (ID = ?)
	bind => [10000]
[2020-02-27 22:22:51,807] [DEBUG] [CustomJPALogger] - SELECT TASK_ID.NEXTVAL FROM DUAL
[2020-02-27 22:22:52,048] [DEBUG] [CustomJPALogger] - SELECT TASK_ID.NEXTVAL FROM DUAL
[2020-02-27 22:22:52,210] [DEBUG] [CustomJPALogger] - SELECT ID, CREATION, KEY, MODIFIED, VALUE, VERSION, SERVICE_REQUEST_ID_FK FROM SERVICE_REQUEST_PROPERTIES WHERE (SERVICE_REQUEST_ID_FK = ?)
	bind => [10000]
[2020-02-27 22:22:52,310] [DEBUG] [CustomJPALogger] - SELECT TASK_ID.NEXTVAL FROM DUAL
[2020-02-27 22:22:52,451] [DEBUG] [CustomJPALogger] - SELECT ID, CREATION, EXECUTION_SEQUENCE, INVOCATION_CLASS, INVOCATION_URI, MODIFIED, STATE, VERSION, SERVICE_REQUEST_ID_FK FROM TASK WHERE (SERVICE_REQUEST_ID_FK = ?)
	bind => [10000]
[2020-02-27 22:22:52,552] [DEBUG] [CustomJPALogger] - SELECT TASK_ID.NEXTVAL FROM DUAL
[2020-02-27 22:22:52,794] [DEBUG] [CustomJPALogger] - SELECT TASK_ID.NEXTVAL FROM DUAL
[2020-02-27 22:22:53,049] [DEBUG] [CustomJPALogger] - SELECT TASK_ID.NEXTVAL FROM DUAL
[2020-02-27 22:22:53,291] [DEBUG] [CustomJPALogger] - SELECT TASK_ID.NEXTVAL FROM DUAL
[2020-02-27 22:22:53,533] [DEBUG] [CustomJPALogger] - SELECT TASK_ID.NEXTVAL FROM DUAL
[2020-02-27 22:22:53,775] [DEBUG] [CustomJPALogger] - SELECT TASK_ID.NEXTVAL FROM DUAL
[2020-02-27 22:22:53,905] [DEBUG] [CustomJPALogger] - UPDATE SERVICE_REQUEST SET MODIFIED = ?, STATE = ?, VERSION = ? WHERE ((ID = ?) AND (VERSION = ?))
	bind => [2020-02-27 22:22:53.664, COMPLETED, 3, 10000, 2]
[2020-02-27 22:22:54,017] [DEBUG] [CustomJPALogger] - SELECT TASK_ID.NEXTVAL FROM DUAL
[2020-02-27 22:22:54,154] [DEBUG] [CustomJPALogger] - SELECT ID, CIM_INSTANCE_ID, CIM_REQUEST_ID, CREATION, ENTITLEMENT_REQUEST_ID, IDENTITY_DOMAIN_NAME, MODIFIED, OPERATION_TYPE, PAYLOAD, SCHEDULED_TIME, SERVICE_INSTANCE_ID, SERVICE_NAME, SERVICE_TYPE, STATE, USER_REQUEST_NAME, VERSION FROM SERVICE_REQUEST WHERE (STATE = ?) ORDER BY CREATION DESC
	bind => [READY]
[2020-02-27 22:22:54,259] [DEBUG] [CustomJPALogger] - SELECT TASK_ID.NEXTVAL FROM DUAL
[2020-02-27 22:22:54,501] [DEBUG] [CustomJPALogger] - SELECT TASK_ID.NEXTVAL FROM DUAL
[2020-02-27 22:22:54,638] [DEBUG] [CustomJPALogger] - SELECT ID, CIM_INSTANCE_ID, CIM_REQUEST_ID, CREATION, ENTITLEMENT_REQUEST_ID, IDENTITY_DOMAIN_NAME, MODIFIED, OPERATION_TYPE, PAYLOAD, SCHEDULED_TIME, SERVICE_INSTANCE_ID, SERVICE_NAME, SERVICE_TYPE, STATE, USER_REQUEST_NAME, VERSION FROM SERVICE_REQUEST WHERE (STATE = ?) ORDER BY CREATION DESC
	bind => [READY]
[2020-02-27 22:22:54,743] [DEBUG] [CustomJPALogger] - SELECT TASK_ID.NEXTVAL FROM DUAL
[2020-02-27 22:22:54,985] [DEBUG] [CustomJPALogger] - SELECT TASK_ID.NEXTVAL FROM DUAL
[2020-02-27 22:22:55,120] [DEBUG] [CustomJPALogger] - SELECT ID, CIM_INSTANCE_ID, CIM_REQUEST_ID, CREATION, ENTITLEMENT_REQUEST_ID, IDENTITY_DOMAIN_NAME, MODIFIED, OPERATION_TYPE, PAYLOAD, SCHEDULED_TIME, SERVICE_INSTANCE_ID, SERVICE_NAME, SERVICE_TYPE, STATE, USER_REQUEST_NAME, VERSION FROM SERVICE_REQUEST WHERE (STATE = ?) ORDER BY CREATION DESC
	bind => [READY]
[2020-02-27 22:22:55,228] [DEBUG] [CustomJPALogger] - SELECT TASK_ID.NEXTVAL FROM DUAL
[2020-02-27 22:22:55,470] [DEBUG] [CustomJPALogger] - SELECT TASK_ID.NEXTVAL FROM DUAL
[2020-02-27 22:22:55,601] [DEBUG] [CustomJPALogger] - SELECT ID, CIM_INSTANCE_ID, CIM_REQUEST_ID, CREATION, ENTITLEMENT_REQUEST_ID, IDENTITY_DOMAIN_NAME, MODIFIED, OPERATION_TYPE, PAYLOAD, SCHEDULED_TIME, SERVICE_INSTANCE_ID, SERVICE_NAME, SERVICE_TYPE, STATE, USER_REQUEST_NAME, VERSION FROM SERVICE_REQUEST WHERE (STATE = ?) ORDER BY CREATION DESC
	bind => [READY]
[2020-02-27 22:22:55,712] [DEBUG] [CustomJPALogger] - SELECT TASK_ID.NEXTVAL FROM DUAL
[2020-02-27 22:22:55,955] [DEBUG] [CustomJPALogger] - SELECT TASK_ID.NEXTVAL FROM DUAL
[2020-02-27 22:22:56,084] [DEBUG] [CustomJPALogger] - SELECT ID, CIM_INSTANCE_ID, CIM_REQUEST_ID, CREATION, ENTITLEMENT_REQUEST_ID, IDENTITY_DOMAIN_NAME, MODIFIED, OPERATION_TYPE, PAYLOAD, SCHEDULED_TIME, SERVICE_INSTANCE_ID, SERVICE_NAME, SERVICE_TYPE, STATE, USER_REQUEST_NAME, VERSION FROM SERVICE_REQUEST WHERE (STATE = ?) ORDER BY CREATION DESC
	bind => [READY]
[2020-02-27 22:22:56,197] [DEBUG] [CustomJPALogger] - SELECT TASK_ID.NEXTVAL FROM DUAL
[2020-02-27 22:22:56,441] [DEBUG] [CustomJPALogger] - SELECT TASK_ID.NEXTVAL FROM DUAL
[2020-02-27 22:22:56,565] [DEBUG] [CustomJPALogger] - SELECT ID, CIM_INSTANCE_ID, CIM_REQUEST_ID, CREATION, ENTITLEMENT_REQUEST_ID, IDENTITY_DOMAIN_NAME, MODIFIED, OPERATION_TYPE, PAYLOAD, SCHEDULED_TIME, SERVICE_INSTANCE_ID, SERVICE_NAME, SERVICE_TYPE, STATE, USER_REQUEST_NAME, VERSION FROM SERVICE_REQUEST WHERE (STATE = ?) ORDER BY CREATION DESC
	bind => [READY]
[2020-02-27 22:22:56,683] [DEBUG] [CustomJPALogger] - SELECT TASK_ID.NEXTVAL FROM DUAL
[2020-02-27 22:22:56,925] [DEBUG] [CustomJPALogger] - SELECT TASK_ID.NEXTVAL FROM DUAL
[2020-02-27 22:22:57,167] [DEBUG] [CustomJPALogger] - SELECT TASK_ID.NEXTVAL FROM DUAL
[2020-02-27 22:22:57,312] [DEBUG] [CustomJPALogger] - SELECT ID, CIM_INSTANCE_ID, CIM_REQUEST_ID, CREATION, ENTITLEMENT_REQUEST_ID, IDENTITY_DOMAIN_NAME, MODIFIED, OPERATION_TYPE, PAYLOAD, SCHEDULED_TIME, SERVICE_INSTANCE_ID, SERVICE_NAME, SERVICE_TYPE, STATE, USER_REQUEST_NAME, VERSION FROM SERVICE_REQUEST WHERE (STATE = ?) ORDER BY CREATION DESC
	bind => [READY]
[2020-02-27 22:22:57,409] [DEBUG] [CustomJPALogger] - SELECT TASK_ID.NEXTVAL FROM DUAL
[2020-02-27 22:22:57,657] [DEBUG] [CustomJPALogger] - SELECT TASK_ID.NEXTVAL FROM DUAL
[2020-02-27 22:22:57,793] [DEBUG] [CustomJPALogger] - SELECT ID, CIM_INSTANCE_ID, CIM_REQUEST_ID, CREATION, ENTITLEMENT_REQUEST_ID, IDENTITY_DOMAIN_NAME, MODIFIED, OPERATION_TYPE, PAYLOAD, SCHEDULED_TIME, SERVICE_INSTANCE_ID, SERVICE_NAME, SERVICE_TYPE, STATE, USER_REQUEST_NAME, VERSION FROM SERVICE_REQUEST WHERE (STATE = ?) ORDER BY CREATION DESC
	bind => [READY]
[2020-02-27 22:22:57,899] [DEBUG] [CustomJPALogger] - SELECT TASK_ID.NEXTVAL FROM DUAL
[2020-02-27 22:22:58,142] [DEBUG] [CustomJPALogger] - SELECT TASK_ID.NEXTVAL FROM DUAL
[2020-02-27 22:22:58,275] [DEBUG] [CustomJPALogger] - SELECT ID, CIM_INSTANCE_ID, CIM_REQUEST_ID, CREATION, ENTITLEMENT_REQUEST_ID, IDENTITY_DOMAIN_NAME, MODIFIED, OPERATION_TYPE, PAYLOAD, SCHEDULED_TIME, SERVICE_INSTANCE_ID, SERVICE_NAME, SERVICE_TYPE, STATE, USER_REQUEST_NAME, VERSION FROM SERVICE_REQUEST WHERE (STATE = ?) ORDER BY CREATION DESC
	bind => [READY]
[2020-02-27 22:22:58,385] [DEBUG] [CustomJPALogger] - SELECT TASK_ID.NEXTVAL FROM DUAL
[2020-02-27 22:22:58,626] [DEBUG] [CustomJPALogger] - SELECT TASK_ID.NEXTVAL FROM DUAL
[2020-02-27 22:22:58,756] [DEBUG] [CustomJPALogger] - SELECT ID, CIM_INSTANCE_ID, CIM_REQUEST_ID, CREATION, ENTITLEMENT_REQUEST_ID, IDENTITY_DOMAIN_NAME, MODIFIED, OPERATION_TYPE, PAYLOAD, SCHEDULED_TIME, SERVICE_INSTANCE_ID, SERVICE_NAME, SERVICE_TYPE, STATE, USER_REQUEST_NAME, VERSION FROM SERVICE_REQUEST WHERE (STATE = ?) ORDER BY CREATION DESC
	bind => [READY]
[2020-02-27 22:22:58,868] [DEBUG] [CustomJPALogger] - SELECT TASK_ID.NEXTVAL FROM DUAL
[2020-02-27 22:22:59,111] [DEBUG] [CustomJPALogger] - SELECT TASK_ID.NEXTVAL FROM DUAL
[2020-02-27 22:22:59,238] [DEBUG] [CustomJPALogger] - SELECT ID, CIM_INSTANCE_ID, CIM_REQUEST_ID, CREATION, ENTITLEMENT_REQUEST_ID, IDENTITY_DOMAIN_NAME, MODIFIED, OPERATION_TYPE, PAYLOAD, SCHEDULED_TIME, SERVICE_INSTANCE_ID, SERVICE_NAME, SERVICE_TYPE, STATE, USER_REQUEST_NAME, VERSION FROM SERVICE_REQUEST WHERE (STATE = ?) ORDER BY CREATION DESC
	bind => [READY]
[2020-02-27 22:22:59,353] [DEBUG] [CustomJPALogger] - SELECT TASK_ID.NEXTVAL FROM DUAL
[2020-02-27 22:22:59,596] [DEBUG] [CustomJPALogger] - SELECT TASK_ID.NEXTVAL FROM DUAL
[2020-02-27 22:22:59,721] [DEBUG] [CustomJPALogger] - SELECT ID, CIM_INSTANCE_ID, CIM_REQUEST_ID, CREATION, ENTITLEMENT_REQUEST_ID, IDENTITY_DOMAIN_NAME, MODIFIED, OPERATION_TYPE, PAYLOAD, SCHEDULED_TIME, SERVICE_INSTANCE_ID, SERVICE_NAME, SERVICE_TYPE, STATE, USER_REQUEST_NAME, VERSION FROM SERVICE_REQUEST WHERE (STATE = ?) ORDER BY CREATION DESC
	bind => [READY]
[2020-02-27 22:22:59,839] [DEBUG] [CustomJPALogger] - SELECT TASK_ID.NEXTVAL FROM DUAL
[2020-02-27 22:23:00,082] [DEBUG] [CustomJPALogger] - SELECT TASK_ID.NEXTVAL FROM DUAL
[2020-02-27 22:23:00,203] [DEBUG] [CustomJPALogger] - SELECT ID, CIM_INSTANCE_ID, CIM_REQUEST_ID, CREATION, ENTITLEMENT_REQUEST_ID, IDENTITY_DOMAIN_NAME, MODIFIED, OPERATION_TYPE, PAYLOAD, SCHEDULED_TIME, SERVICE_INSTANCE_ID, SERVICE_NAME, SERVICE_TYPE, STATE, USER_REQUEST_NAME, VERSION FROM SERVICE_REQUEST WHERE (STATE = ?) ORDER BY CREATION DESC
	bind => [READY]
[2020-02-27 22:23:00,323] [DEBUG] [CustomJPALogger] - SELECT TASK_ID.NEXTVAL FROM DUAL
[2020-02-27 22:23:00,565] [DEBUG] [CustomJPALogger] - SELECT TASK_ID.NEXTVAL FROM DUAL
[2020-02-27 22:23:00,684] [DEBUG] [CustomJPALogger] - SELECT ID, CIM_INSTANCE_ID, CIM_REQUEST_ID, CREATION, ENTITLEMENT_REQUEST_ID, IDENTITY_DOMAIN_NAME, MODIFIED, OPERATION_TYPE, PAYLOAD, SCHEDULED_TIME, SERVICE_INSTANCE_ID, SERVICE_NAME, SERVICE_TYPE, STATE, USER_REQUEST_NAME, VERSION FROM SERVICE_REQUEST WHERE (STATE = ?) ORDER BY CREATION DESC
	bind => [READY]
[2020-02-27 22:23:00,807] [DEBUG] [CustomJPALogger] - SELECT TASK_ID.NEXTVAL FROM DUAL
[2020-02-27 22:23:01,052] [DEBUG] [CustomJPALogger] - UPDATE SERVICE_REQUEST SET MODIFIED = ?, STATE = ?, VERSION = ? WHERE ((ID = ?) AND (VERSION = ?))
	bind => [2020-02-27 22:23:01.051, READY, 2, 10001, 1]
[2020-02-27 22:23:01,166] [DEBUG] [CustomJPALogger] - SELECT ID, CIM_INSTANCE_ID, CIM_REQUEST_ID, CREATION, ENTITLEMENT_REQUEST_ID, IDENTITY_DOMAIN_NAME, MODIFIED, OPERATION_TYPE, PAYLOAD, SCHEDULED_TIME, SERVICE_INSTANCE_ID, SERVICE_NAME, SERVICE_TYPE, STATE, USER_REQUEST_NAME, VERSION FROM SERVICE_REQUEST WHERE (STATE = ?) ORDER BY CREATION DESC
	bind => [READY]
[2020-02-27 22:23:01,296] [DEBUG] [CustomJPALogger] - INSERT INTO TASK (ID, CREATION, EXECUTION_SEQUENCE, INVOCATION_CLASS, INVOCATION_URI, MODIFIED, STATE, VERSION, SERVICE_REQUEST_ID_FK) VALUES (?, ?, ?, ?, ?, ?, ?, ?, ?)
	bind => [10072, 2020-02-27 22:22:59.352, 33, com.servicemanager.tasks.TaskCreateRuleSet, com.servicemanager.tasks.TaskCreateRuleSet/execute, 2020-02-27 22:22:59.352, READY, 1, 10001]
[2020-02-27 22:23:01,541] [DEBUG] [CustomJPALogger] - INSERT INTO TASK (ID, CREATION, EXECUTION_SEQUENCE, INVOCATION_CLASS, INVOCATION_URI, MODIFIED, STATE, VERSION, SERVICE_REQUEST_ID_FK) VALUES (?, ?, ?, ?, ?, ?, ?, ?, ?)
	bind => [10075, 2020-02-27 22:23:00.081, 36, com.servicemanager.tasks.TaskValidateLoadBalancerDNSNameAndPublishARecord, com.servicemanager.tasks.TaskValidateLoadBalancerDNSNameAndPublishARecord/execute, 2020-02-27 22:23:00.081, READY, 1, 10001]
[2020-02-27 22:23:01,648] [DEBUG] [CustomJPALogger] - SELECT ID, CREATION, KEY, MODIFIED, VALUE, VERSION, SERVICE_REQUEST_ID_FK FROM SERVICE_REQUEST_PROPERTIES WHERE (SERVICE_REQUEST_ID_FK = ?)
	bind => [10001]
[2020-02-27 22:23:01,786] [DEBUG] [CustomJPALogger] - INSERT INTO TASK (ID, CREATION, EXECUTION_SEQUENCE, INVOCATION_CLASS, INVOCATION_URI, MODIFIED, STATE, VERSION, SERVICE_REQUEST_ID_FK) VALUES (?, ?, ?, ?, ?, ?, ?, ?, ?)
	bind => [10076, 2020-02-27 22:23:00.322, 37, com.servicemanager.tasks.TaskValidateServiceDNSNameAndPublishCNAME, com.servicemanager.tasks.TaskValidateServiceDNSNameAndPublishCNAME/execute, 2020-02-27 22:23:00.322, READY, 1, 10001]
[2020-02-27 22:23:01,890] [DEBUG] [CustomJPALogger] - SELECT ID, CREATION, EXECUTION_SEQUENCE, INVOCATION_CLASS, INVOCATION_URI, MODIFIED, STATE, VERSION, SERVICE_REQUEST_ID_FK FROM TASK WHERE (SERVICE_REQUEST_ID_FK = ?)
	bind => [10001]
[2020-02-27 22:23:02,030] [DEBUG] [CustomJPALogger] - INSERT INTO TASK (ID, CREATION, EXECUTION_SEQUENCE, INVOCATION_CLASS, INVOCATION_URI, MODIFIED, STATE, VERSION, SERVICE_REQUEST_ID_FK) VALUES (?, ?, ?, ?, ?, ?, ?, ?, ?)
	bind => [10048, 2020-02-27 22:22:53.532, 9, com.servicemanager.tasks.TaskAllocateDatabase, com.servicemanager.tasks.TaskAllocateDatabase/execute, 2020-02-27 22:22:53.532, READY, 1, 10001]
[2020-02-27 22:23:02,132] [DEBUG] [DirtyReadCheck$ThreadConsumer] - GOT TASK:[Task | id=10072 invocationClass=com.servicemanager.tasks.TaskCreateRuleSet invocationURI=com.servicemanager.tasks.TaskCreateRuleSet/execute executionSequence=33]
[2020-02-27 22:23:02,276] [DEBUG] [CustomJPALogger] - INSERT INTO TASK (ID, CREATION, EXECUTION_SEQUENCE, INVOCATION_CLASS, INVOCATION_URI, MODIFIED, STATE, VERSION, SERVICE_REQUEST_ID_FK) VALUES (?, ?, ?, ?, ?, ?, ?, ?, ?)
	bind => [10074, 2020-02-27 22:22:59.838, 35, com.servicemanager.tasks.TaskGenerateDNSNameForLoadBalancerIfNotPresent, com.servicemanager.tasks.TaskGenerateDNSNameForLoadBalancerIfNotPresent/execute, 2020-02-27 22:22:59.838, READY, 1, 10001]
[2020-02-27 22:23:02,520] [DEBUG] [CustomJPALogger] - INSERT INTO TASK (ID, CREATION, EXECUTION_SEQUENCE, INVOCATION_CLASS, INVOCATION_URI, MODIFIED, STATE, VERSION, SERVICE_REQUEST_ID_FK) VALUES (?, ?, ?, ?, ?, ?, ?, ?, ?)
	bind => [10040, 2020-02-27 22:22:51.563, 1, com.servicemanager.tasks.TaskPersistIdentityDomainInDB, com.servicemanager.tasks.TaskPersistIdentityDomainInDB/execute, 2020-02-27 22:22:51.563, READY, 1, 10001]
[2020-02-27 22:23:02,765] [DEBUG] [CustomJPALogger] - INSERT INTO TASK (ID, CREATION, EXECUTION_SEQUENCE, INVOCATION_CLASS, INVOCATION_URI, MODIFIED, STATE, VERSION, SERVICE_REQUEST_ID_FK) VALUES (?, ?, ?, ?, ?, ?, ?, ?, ?)
	bind => [10049, 2020-02-27 22:22:53.774, 10, com.servicemanager.tasks.TaskCreateBlockVolumes, com.servicemanager.tasks.TaskCreateBlockVolumes/execute, 2020-02-27 22:22:53.774, READY, 1, 10001]
[2020-02-27 22:23:03,012] [DEBUG] [CustomJPALogger] - INSERT INTO TASK (ID, CREATION, EXECUTION_SEQUENCE, INVOCATION_CLASS, INVOCATION_URI, MODIFIED, STATE, VERSION, SERVICE_REQUEST_ID_FK) VALUES (?, ?, ?, ?, ?, ?, ?, ?, ?)
	bind => [10066, 2020-02-27 22:22:57.898, 27, com.servicemanager.tasks.TaskGenerateRehydrationMonitoringAnsiblePlaybook, com.servicemanager.tasks.TaskGenerateRehydrationMonitoringAnsiblePlaybook/execute, 2020-02-27 22:22:57.898, READY, 1, 10001]
[2020-02-27 22:23:03,357] [DEBUG] [CustomJPALogger] - INSERT INTO TASK (ID, CREATION, EXECUTION_SEQUENCE, INVOCATION_CLASS, INVOCATION_URI, MODIFIED, STATE, VERSION, SERVICE_REQUEST_ID_FK) VALUES (?, ?, ?, ?, ?, ?, ?, ?, ?)
	bind => [10070, 2020-02-27 22:22:58.867, 31, com.servicemanager.tasks.TaskCreateListenerHostname, com.servicemanager.tasks.TaskCreateListenerHostname/execute, 2020-02-27 22:22:58.867, READY, 1, 10001]
[2020-02-27 22:23:03,663] [DEBUG] [CustomJPALogger] - INSERT INTO TASK (ID, CREATION, EXECUTION_SEQUENCE, INVOCATION_CLASS, INVOCATION_URI, MODIFIED, STATE, VERSION, SERVICE_REQUEST_ID_FK) VALUES (?, ?, ?, ?, ?, ?, ?, ?, ?)
	bind => [10056, 2020-02-27 22:22:55.469, 17, com.servicemanager.tasks.TaskGetServiceInstanceGUID, com.servicemanager.tasks.TaskGetServiceInstanceGUID/execute, 2020-02-27 22:22:55.469, READY, 1, 10001]
[2020-02-27 22:23:03,971] [DEBUG] [CustomJPALogger] - INSERT INTO TASK (ID, CREATION, EXECUTION_SEQUENCE, INVOCATION_CLASS, INVOCATION_URI, MODIFIED, STATE, VERSION, SERVICE_REQUEST_ID_FK) VALUES (?, ?, ?, ?, ?, ?, ?, ?, ?)
	bind => [10054, 2020-02-27 22:22:54.985, 15, com.servicemanager.tasks.TaskGetHostNameOfTheVM, com.servicemanager.tasks.TaskGetHostNameOfTheVM/execute, 2020-02-27 22:22:54.985, READY, 1, 10001]
[2020-02-27 22:23:04,215] [DEBUG] [CustomJPALogger] - INSERT INTO TASK (ID, CREATION, EXECUTION_SEQUENCE, INVOCATION_CLASS, INVOCATION_URI, MODIFIED, STATE, VERSION, SERVICE_REQUEST_ID_FK) VALUES (?, ?, ?, ?, ?, ?, ?, ?, ?)
	bind => [10044, 2020-02-27 22:22:52.551, 5, com.servicemanager.tasks.TaskCreateVM, com.servicemanager.tasks.TaskCreateVM/execute, 2020-02-27 22:22:52.551, READY, 1, 10001]
[2020-02-27 22:23:04,483] [DEBUG] [CustomJPALogger] - INSERT INTO TASK (ID, CREATION, EXECUTION_SEQUENCE, INVOCATION_CLASS, INVOCATION_URI, MODIFIED, STATE, VERSION, SERVICE_REQUEST_ID_FK) VALUES (?, ?, ?, ?, ?, ?, ?, ?, ?)
	bind => [10050, 2020-02-27 22:22:54.016, 11, com.servicemanager.tasks.TaskAttachBlockVolumesToVM, com.servicemanager.tasks.TaskAttachBlockVolumesToVM/execute, 2020-02-27 22:22:54.016, READY, 1, 10001]
[2020-02-27 22:23:04,728] [DEBUG] [CustomJPALogger] - INSERT INTO TASK (ID, CREATION, EXECUTION_SEQUENCE, INVOCATION_CLASS, INVOCATION_URI, MODIFIED, STATE, VERSION, SERVICE_REQUEST_ID_FK) VALUES (?, ?, ?, ?, ?, ?, ?, ?, ?)
	bind => [10042, 2020-02-27 22:22:52.048, 3, com.servicemanager.tasks.TaskPersistServiceAdminInDBForCIM, com.servicemanager.tasks.TaskPersistServiceAdminInDBForCIM/execute, 2020-02-27 22:22:52.048, READY, 1, 10001]
[2020-02-27 22:23:04,995] [DEBUG] [CustomJPALogger] - INSERT INTO TASK (ID, CREATION, EXECUTION_SEQUENCE, INVOCATION_CLASS, INVOCATION_URI, MODIFIED, STATE, VERSION, SERVICE_REQUEST_ID_FK) VALUES (?, ?, ?, ?, ?, ?, ?, ?, ?)
	bind => [10055, 2020-02-27 22:22:55.227, 16, com.servicemanager.tasks.TaskCreateEnterpriseAppInIdcs, com.servicemanager.tasks.TaskCreateEnterpriseAppInIdcs/execute, 2020-02-27 22:22:55.227, READY, 1, 10001]
[2020-02-27 22:23:05,302] [DEBUG] [CustomJPALogger] - INSERT INTO TASK (ID, CREATION, EXECUTION_SEQUENCE, INVOCATION_CLASS, INVOCATION_URI, MODIFIED, STATE, VERSION, SERVICE_REQUEST_ID_FK) VALUES (?, ?, ?, ?, ?, ?, ?, ?, ?)
	bind => [10062, 2020-02-27 22:22:56.925, 23, com.servicemanager.tasks.TaskGenerateServiceJsonAndWallet, com.servicemanager.tasks.TaskGenerateServiceJsonAndWallet/execute, 2020-02-27 22:22:56.925, READY, 1, 10001]
[2020-02-27 22:23:05,546] [DEBUG] [CustomJPALogger] - INSERT INTO TASK (ID, CREATION, EXECUTION_SEQUENCE, INVOCATION_CLASS, INVOCATION_URI, MODIFIED, STATE, VERSION, SERVICE_REQUEST_ID_FK) VALUES (?, ?, ?, ?, ?, ?, ?, ?, ?)
	bind => [10065, 2020-02-27 22:22:57.656, 26, com.servicemanager.tasks.TaskInvokeRehydrationAnsible, com.servicemanager.tasks.TaskInvokeRehydrationAnsible/execute, 2020-02-27 22:22:57.656, READY, 1, 10001]
[2020-02-27 22:23:05,814] [DEBUG] [CustomJPALogger] - INSERT INTO TASK (ID, CREATION, EXECUTION_SEQUENCE, INVOCATION_CLASS, INVOCATION_URI, MODIFIED, STATE, VERSION, SERVICE_REQUEST_ID_FK) VALUES (?, ?, ?, ?, ?, ?, ?, ?, ?)
	bind => [10078, 2020-02-27 22:23:00.806, 39, com.servicemanager.tasks.TaskRegisterWithFleetManager, com.servicemanager.tasks.TaskRegisterWithFleetManager/execute, 2020-02-27 22:23:00.806, READY, 1, 10001]
[2020-02-27 22:23:06,058] [DEBUG] [CustomJPALogger] - INSERT INTO TASK (ID, CREATION, EXECUTION_SEQUENCE, INVOCATION_CLASS, INVOCATION_URI, MODIFIED, STATE, VERSION, SERVICE_REQUEST_ID_FK) VALUES (?, ?, ?, ?, ?, ?, ?, ?, ?)
	bind => [10059, 2020-02-27 22:22:56.196, 20, com.servicemanager.tasks.TaskActivateAppGatewayInIdcs, com.servicemanager.tasks.TaskActivateAppGatewayInIdcs/execute, 2020-02-27 22:22:56.196, READY, 1, 10001]
[2020-02-27 22:23:06,314] [DEBUG] [CustomJPALogger] - INSERT INTO TASK (ID, CREATION, EXECUTION_SEQUENCE, INVOCATION_CLASS, INVOCATION_URI, MODIFIED, STATE, VERSION, SERVICE_REQUEST_ID_FK) VALUES (?, ?, ?, ?, ?, ?, ?, ?, ?)
	bind => [10068, 2020-02-27 22:22:58.384, 29, com.servicemanager.tasks.TaskGetOrCreateLoadBalancer, com.servicemanager.tasks.TaskGetOrCreateLoadBalancer/execute, 2020-02-27 22:22:58.384, READY, 1, 10001]
[2020-02-27 22:23:06,633] [DEBUG] [CustomJPALogger] - INSERT INTO TASK (ID, CREATION, EXECUTION_SEQUENCE, INVOCATION_CLASS, INVOCATION_URI, MODIFIED, STATE, VERSION, SERVICE_REQUEST_ID_FK) VALUES (?, ?, ?, ?, ?, ?, ?, ?, ?)
	bind => [10064, 2020-02-27 22:22:57.408, 25, com.servicemanager.tasks.TaskGenerateRehydrationAnsiblePlaybook, com.servicemanager.tasks.TaskGenerateRehydrationAnsiblePlaybook/execute, 2020-02-27 22:22:57.408, READY, 1, 10001]
[2020-02-27 22:23:06,940] [DEBUG] [CustomJPALogger] - INSERT INTO TASK (ID, CREATION, EXECUTION_SEQUENCE, INVOCATION_CLASS, INVOCATION_URI, MODIFIED, STATE, VERSION, SERVICE_REQUEST_ID_FK) VALUES (?, ?, ?, ?, ?, ?, ?, ?, ?)
	bind => [10077, 2020-02-27 22:23:00.564, 38, com.servicemanager.tasks.TaskUpdateEnvironmentInDB, com.servicemanager.tasks.TaskUpdateEnvironmentInDB/execute, 2020-02-27 22:23:00.564, READY, 1, 10001]
[2020-02-27 22:23:07,248] [DEBUG] [CustomJPALogger] - INSERT INTO TASK (ID, CREATION, EXECUTION_SEQUENCE, INVOCATION_CLASS, INVOCATION_URI, MODIFIED, STATE, VERSION, SERVICE_REQUEST_ID_FK) VALUES (?, ?, ?, ?, ?, ?, ?, ?, ?)
	bind => [10057, 2020-02-27 22:22:55.711, 18, com.servicemanager.tasks.TaskGetEnterpriseAppDetails, com.servicemanager.tasks.TaskGetEnterpriseAppDetails/execute, 2020-02-27 22:22:55.711, READY, 1, 10001]
[2020-02-27 22:23:07,555] [DEBUG] [CustomJPALogger] - INSERT INTO TASK (ID, CREATION, EXECUTION_SEQUENCE, INVOCATION_CLASS, INVOCATION_URI, MODIFIED, STATE, VERSION, SERVICE_REQUEST_ID_FK) VALUES (?, ?, ?, ?, ?, ?, ?, ?, ?)
	bind => [10047, 2020-02-27 22:22:53.29, 8, com.servicemanager.tasks.TaskGetSMTPResource, com.servicemanager.tasks.TaskGetSMTPResource/execute, 2020-02-27 22:22:53.29, READY, 1, 10001]
[2020-02-27 22:23:07,800] [DEBUG] [CustomJPALogger] - INSERT INTO TASK (ID, CREATION, EXECUTION_SEQUENCE, INVOCATION_CLASS, INVOCATION_URI, MODIFIED, STATE, VERSION, SERVICE_REQUEST_ID_FK) VALUES (?, ?, ?, ?, ?, ?, ?, ?, ?)
	bind => [10045, 2020-02-27 22:22:52.794, 6, com.servicemanager.tasks.TaskGenerateNecessaryFoldersForProvisioning, com.servicemanager.tasks.TaskGenerateNecessaryFoldersForProvisioning/execute, 2020-02-27 22:22:52.794, READY, 1, 10001]
[2020-02-27 22:23:08,068] [DEBUG] [CustomJPALogger] - INSERT INTO TASK (ID, CREATION, EXECUTION_SEQUENCE, INVOCATION_CLASS, INVOCATION_URI, MODIFIED, STATE, VERSION, SERVICE_REQUEST_ID_FK) VALUES (?, ?, ?, ?, ?, ?, ?, ?, ?)
	bind => [10060, 2020-02-27 22:22:56.44, 21, com.servicemanager.tasks.TaskCreateHostInAppGateway, com.servicemanager.tasks.TaskCreateHostInAppGateway/execute, 2020-02-27 22:22:56.44, READY, 1, 10001]
[2020-02-27 22:23:08,374] [DEBUG] [CustomJPALogger] - INSERT INTO TASK (ID, CREATION, EXECUTION_SEQUENCE, INVOCATION_CLASS, INVOCATION_URI, MODIFIED, STATE, VERSION, SERVICE_REQUEST_ID_FK) VALUES (?, ?, ?, ?, ?, ?, ?, ?, ?)
	bind => [10069, 2020-02-27 22:22:58.626, 30, com.servicemanager.tasks.TaskUpdateLoadBalancerSSLCertificate, com.servicemanager.tasks.TaskUpdateLoadBalancerSSLCertificate/execute, 2020-02-27 22:22:58.626, READY, 1, 10001]
[2020-02-27 22:23:08,681] [DEBUG] [CustomJPALogger] - INSERT INTO TASK (ID, CREATION, EXECUTION_SEQUENCE, INVOCATION_CLASS, INVOCATION_URI, MODIFIED, STATE, VERSION, SERVICE_REQUEST_ID_FK) VALUES (?, ?, ?, ?, ?, ?, ?, ?, ?)
	bind => [10079, 2020-02-27 22:23:01.047, 40, com.servicemanager.tasks.TaskUpdateServiceInDB, com.servicemanager.tasks.TaskUpdateServiceInDB/execute, 2020-02-27 22:23:01.047, READY, 1, 10001]
[2020-02-27 22:23:08,925] [DEBUG] [CustomJPALogger] - INSERT INTO TASK (ID, CREATION, EXECUTION_SEQUENCE, INVOCATION_CLASS, INVOCATION_URI, MODIFIED, STATE, VERSION, SERVICE_REQUEST_ID_FK) VALUES (?, ?, ?, ?, ?, ?, ?, ?, ?)
	bind => [10051, 2020-02-27 22:22:54.258, 12, com.servicemanager.tasks.TaskUpdateAnsibleHostsFile, com.servicemanager.tasks.TaskUpdateAnsibleHostsFile/execute, 2020-02-27 22:22:54.258, READY, 1, 10001]
[2020-02-27 22:23:09,193] [DEBUG] [CustomJPALogger] - INSERT INTO TASK (ID, CREATION, EXECUTION_SEQUENCE, INVOCATION_CLASS, INVOCATION_URI, MODIFIED, STATE, VERSION, SERVICE_REQUEST_ID_FK) VALUES (?, ?, ?, ?, ?, ?, ?, ?, ?)
	bind => [10071, 2020-02-27 22:22:59.11, 32, com.servicemanager.tasks.TaskCreateBackendSet, com.servicemanager.tasks.TaskCreateBackendSet/execute, 2020-02-27 22:22:59.11, READY, 1, 10001]
[2020-02-27 22:23:09,439] [DEBUG] [CustomJPALogger] - INSERT INTO TASK (ID, CREATION, EXECUTION_SEQUENCE, INVOCATION_CLASS, INVOCATION_URI, MODIFIED, STATE, VERSION, SERVICE_REQUEST_ID_FK) VALUES (?, ?, ?, ?, ?, ?, ?, ?, ?)
	bind => [10063, 2020-02-27 22:22:57.167, 24, com.servicemanager.tasks.TaskGenerateRehydrationWrapperScript, com.servicemanager.tasks.TaskGenerateRehydrationWrapperScript/execute, 2020-02-27 22:22:57.167, READY, 1, 10001]
[2020-02-27 22:23:09,695] [DEBUG] [CustomJPALogger] - INSERT INTO TASK (ID, CREATION, EXECUTION_SEQUENCE, INVOCATION_CLASS, INVOCATION_URI, MODIFIED, STATE, VERSION, SERVICE_REQUEST_ID_FK) VALUES (?, ?, ?, ?, ?, ?, ?, ?, ?)
	bind => [10061, 2020-02-27 22:22:56.682, 22, com.servicemanager.tasks.TaskCreateCloudGateMappingsInApp, com.servicemanager.tasks.TaskCreateCloudGateMappingsInApp/execute, 2020-02-27 22:22:56.682, READY, 1, 10001]
[2020-02-27 22:23:10,013] [DEBUG] [CustomJPALogger] - INSERT INTO TASK (ID, CREATION, EXECUTION_SEQUENCE, INVOCATION_CLASS, INVOCATION_URI, MODIFIED, STATE, VERSION, SERVICE_REQUEST_ID_FK) VALUES (?, ?, ?, ?, ?, ?, ?, ?, ?)
	bind => [10052, 2020-02-27 22:22:54.5, 13, com.servicemanager.tasks.TaskCreateVMInitializationAnsiblePlaybookNew, com.servicemanager.tasks.TaskCreateVMInitializationAnsiblePlaybookNew/execute, 2020-02-27 22:22:54.5, READY, 1, 10001]
[2020-02-27 22:23:10,320] [DEBUG] [CustomJPALogger] - INSERT INTO TASK (ID, CREATION, EXECUTION_SEQUENCE, INVOCATION_CLASS, INVOCATION_URI, MODIFIED, STATE, VERSION, SERVICE_REQUEST_ID_FK) VALUES (?, ?, ?, ?, ?, ?, ?, ?, ?)
	bind => [10058, 2020-02-27 22:22:55.954, 19, com.servicemanager.tasks.TaskCreateAppGatewayInIdcs, com.servicemanager.tasks.TaskCreateAppGatewayInIdcs/execute, 2020-02-27 22:22:55.954, READY, 1, 10001]
[2020-02-27 22:23:10,627] [DEBUG] [CustomJPALogger] - INSERT INTO TASK (ID, CREATION, EXECUTION_SEQUENCE, INVOCATION_CLASS, INVOCATION_URI, MODIFIED, STATE, VERSION, SERVICE_REQUEST_ID_FK) VALUES (?, ?, ?, ?, ?, ?, ?, ?, ?)
	bind => [10043, 2020-02-27 22:22:52.309, 4, com.servicemanager.tasks.TaskPersistServiceInDBForCIM, com.servicemanager.tasks.TaskPersistServiceInDBForCIM/execute, 2020-02-27 22:22:52.309, READY, 1, 10001]
[2020-02-27 22:23:10,871] [DEBUG] [CustomJPALogger] - INSERT INTO TASK (ID, CREATION, EXECUTION_SEQUENCE, INVOCATION_CLASS, INVOCATION_URI, MODIFIED, STATE, VERSION, SERVICE_REQUEST_ID_FK) VALUES (?, ?, ?, ?, ?, ?, ?, ?, ?)
	bind => [10073, 2020-02-27 22:22:59.594, 34, com.servicemanager.tasks.TaskCreateListenerForLoadBalancer, com.servicemanager.tasks.TaskCreateListenerForLoadBalancer/execute, 2020-02-27 22:22:59.594, READY, 1, 10001]
[2020-02-27 22:23:11,115] [DEBUG] [CustomJPALogger] - INSERT INTO TASK (ID, CREATION, EXECUTION_SEQUENCE, INVOCATION_CLASS, INVOCATION_URI, MODIFIED, STATE, VERSION, SERVICE_REQUEST_ID_FK) VALUES (?, ?, ?, ?, ?, ?, ?, ?, ?)
	bind => [10046, 2020-02-27 22:22:53.048, 7, com.servicemanager.tasks.TaskGetICAPResource, com.servicemanager.tasks.TaskGetICAPResource/execute, 2020-02-27 22:22:53.048, READY, 1, 10001]
[2020-02-27 22:23:11,359] [DEBUG] [CustomJPALogger] - INSERT INTO TASK (ID, CREATION, EXECUTION_SEQUENCE, INVOCATION_CLASS, INVOCATION_URI, MODIFIED, STATE, VERSION, SERVICE_REQUEST_ID_FK) VALUES (?, ?, ?, ?, ?, ?, ?, ?, ?)
	bind => [10053, 2020-02-27 22:22:54.742, 14, com.servicemanager.tasks.TaskInitializeVM, com.servicemanager.tasks.TaskInitializeVM/execute, 2020-02-27 22:22:54.742, READY, 1, 10001]
[2020-02-27 22:23:11,605] [DEBUG] [CustomJPALogger] - INSERT INTO TASK (ID, CREATION, EXECUTION_SEQUENCE, INVOCATION_CLASS, INVOCATION_URI, MODIFIED, STATE, VERSION, SERVICE_REQUEST_ID_FK) VALUES (?, ?, ?, ?, ?, ?, ?, ?, ?)
	bind => [10041, 2020-02-27 22:22:51.806, 2, com.servicemanager.tasks.TaskPersistCustomerInDBForCIM, com.servicemanager.tasks.TaskPersistCustomerInDBForCIM/execute, 2020-02-27 22:22:51.806, READY, 1, 10001]
[2020-02-27 22:23:11,958] [DEBUG] [CustomJPALogger] - INSERT INTO TASK (ID, CREATION, EXECUTION_SEQUENCE, INVOCATION_CLASS, INVOCATION_URI, MODIFIED, STATE, VERSION, SERVICE_REQUEST_ID_FK) VALUES (?, ?, ?, ?, ?, ?, ?, ?, ?)
	bind => [10067, 2020-02-27 22:22:58.141, 28, com.servicemanager.tasks.TaskWaitForRehydrationCompletion, com.servicemanager.tasks.TaskWaitForRehydrationCompletion/execute, 2020-02-27 22:22:58.141, READY, 1, 10001]
